#
# There is insufficient memory for the Java Runtime Environment to continue.
# Native memory allocation (mmap) failed to map 65536 bytes for Failed to commit metaspace.
# Possible reasons:
#   The system is out of physical RAM or swap space
#   The process is running with CompressedOops enabled, and the Java Heap may be blocking the growth of the native heap
# Possible solutions:
#   Reduce memory load on the system
#   Increase physical memory or swap space
#   Check if swap backing store is full
#   Decrease Java heap size (-Xmx/-Xms)
#   Decrease number of Java threads
#   Decrease Java thread stack sizes (-Xss)
#   Set larger code cache with -XX:ReservedCodeCacheSize=
#   JVM is running with Zero Based Compressed Oops mode in which the Java heap is
#     placed in the first 32GB address space. The Java Heap base address is the
#     maximum limit for the native heap growth. Please use -XX:HeapBaseMinAddress
#     to set the Java Heap base and to place the Java Heap above 32GB virtual address.
# This output file may be truncated or incomplete.
#
#  Out of Memory Error (virtualSpaceNode.cpp:110), pid=26804, tid=40864
#
# JRE version: Java(TM) SE Runtime Environment (17.0.9+11) (build 17.0.9+11-LTS-201)
# Java VM: Java HotSpot(TM) 64-Bit Server VM (17.0.9+11-LTS-201, mixed mode, tiered, compressed oops, compressed class ptrs, g1 gc, windows-amd64)
# No core dump will be written. Minidumps are not enabled by default on client versions of Windows
#

---------------  S U M M A R Y ------------

Command Line: -Dfile.encoding=UTF-8 -Dstdout.encoding=UTF-8 -Dstderr.encoding=UTF-8 -XX:+ShowCodeDetailsInExceptionMessages ballarddesigns.Ballarddesigns

Host: Intel(R) Core(TM) i7-8565U CPU @ 1.80GHz, 8 cores, 15G,  Windows 10 , 64 bit Build 19041 (10.0.19041.3570)
Time: Wed Oct 25 11:55:23 2023 Jordan Standard Time elapsed time: 0.211614 seconds (0d 0h 0m 0s)

---------------  T H R E A D  ---------------

Current thread (0x00000181523cd420):  JavaThread "main" [_thread_in_vm, id=40864, stack(0x0000001de3200000,0x0000001de3300000)]

Stack: [0x0000001de3200000,0x0000001de3300000]
Native frames: (J=compiled Java code, j=interpreted, Vv=VM code, C=native code)
V  [jvm.dll+0x678a4a]
V  [jvm.dll+0x7d9cfd]
V  [jvm.dll+0x7db60e]
V  [jvm.dll+0x7dbc73]
V  [jvm.dll+0x245e1f]
V  [jvm.dll+0x7d5a0b]
V  [jvm.dll+0x61ebc6]
V  [jvm.dll+0x61ec2a]
V  [jvm.dll+0x62145d]
V  [jvm.dll+0x61f586]
V  [jvm.dll+0x629367]
V  [jvm.dll+0x1e9c7d]
V  [jvm.dll+0x1ea245]
V  [jvm.dll+0x1eab8b]
V  [jvm.dll+0x1e0391]
V  [jvm.dll+0x53eaec]
V  [jvm.dll+0x1f0caa]
V  [jvm.dll+0x75394d]
V  [jvm.dll+0x754d46]
V  [jvm.dll+0x755078]
V  [jvm.dll+0x23e1db]
V  [jvm.dll+0x23e42f]
V  [jvm.dll+0x55ce78]
V  [jvm.dll+0x55fd47]
V  [jvm.dll+0x381d61]
V  [jvm.dll+0x3813bf]
C  0x00000181611ba622

Java frames: (J=compiled Java code, j=interpreted, Vv=VM code)
j  java.lang.String.toLowerCase()Ljava/lang/String;+1 java.base@17.0.9
j  jdk.internal.vm.PostVMInitHook.getOSSpecificConfigFilePath()Ljava/lang/String;+11 java.base@17.0.9
j  jdk.internal.vm.PostVMInitHook.getConfigFilePrivileged()Ljava/io/File;+17 java.base@17.0.9
j  jdk.internal.vm.PostVMInitHook.trackJavaUsage()V+16 java.base@17.0.9
j  jdk.internal.vm.PostVMInitHook.run()V+0 java.base@17.0.9
v  ~StubRoutines::call_stub

---------------  P R O C E S S  ---------------

Threads class SMR info:
_java_thread_list=0x00000181041c7b50, length=11, elements={
0x00000181523cd420, 0x0000018104054620, 0x0000018104055fb0, 0x000001810406c990,
0x0000018104095130, 0x0000018104095a00, 0x0000018104087020, 0x000001810409adc0,
0x000001810409be70, 0x000001810409cf60, 0x00000181041ec0f0
}

Java Threads: ( => current thread )
=>0x00000181523cd420 JavaThread "main" [_thread_in_vm, id=40864, stack(0x0000001de3200000,0x0000001de3300000)]
  0x0000018104054620 JavaThread "Reference Handler" daemon [_thread_blocked, id=35548, stack(0x0000001de3900000,0x0000001de3a00000)]
  0x0000018104055fb0 JavaThread "Finalizer" daemon [_thread_blocked, id=40792, stack(0x0000001de3a00000,0x0000001de3b00000)]
  0x000001810406c990 JavaThread "Signal Dispatcher" daemon [_thread_blocked, id=41644, stack(0x0000001de3b00000,0x0000001de3c00000)]
  0x0000018104095130 JavaThread "Attach Listener" daemon [_thread_blocked, id=10924, stack(0x0000001de3c00000,0x0000001de3d00000)]
  0x0000018104095a00 JavaThread "Service Thread" daemon [_thread_blocked, id=37696, stack(0x0000001de3d00000,0x0000001de3e00000)]
  0x0000018104087020 JavaThread "Monitor Deflation Thread" daemon [_thread_blocked, id=15920, stack(0x0000001de3e00000,0x0000001de3f00000)]
  0x000001810409adc0 JavaThread "C2 CompilerThread0" daemon [_thread_blocked, id=25192, stack(0x0000001de3f00000,0x0000001de4000000)]
  0x000001810409be70 JavaThread "C1 CompilerThread0" daemon [_thread_blocked, id=41680, stack(0x0000001de4000000,0x0000001de4100000)]
  0x000001810409cf60 JavaThread "Sweeper thread" daemon [_thread_blocked, id=27764, stack(0x0000001de4100000,0x0000001de4200000)]
  0x00000181041ec0f0 JavaThread "Notification Thread" daemon [_thread_blocked, id=31476, stack(0x0000001de4200000,0x0000001de4300000)]

Other Threads:
  0x00000181751141a0 VMThread "VM Thread" [stack: 0x0000001de3800000,0x0000001de3900000] [id=19164]
  0x00000181524388d0 GCTaskThread "GC Thread#0" [stack: 0x0000001de3300000,0x0000001de3400000] [id=41624]
  0x0000018152449540 ConcurrentGCThread "G1 Main Marker" [stack: 0x0000001de3400000,0x0000001de3500000] [id=12612]
  0x000001815244c6f0 ConcurrentGCThread "G1 Conc#0" [stack: 0x0000001de3500000,0x0000001de3600000] [id=34228]
  0x000001815249daa0 ConcurrentGCThread "G1 Refine#0" [stack: 0x0000001de3600000,0x0000001de3700000] [id=37776]
  0x000001815249e280 ConcurrentGCThread "G1 Service" [stack: 0x0000001de3700000,0x0000001de3800000] [id=34972]

Threads with active compile tasks:

VM state: not at safepoint (normal execution)

VM Mutex/Monitor currently owned by a thread:  ([mutex/lock_event])
[0x00000181523c6b60] Metaspace_lock - owner thread: 0x00000181523cd420

Heap address: 0x0000000701e00000, size: 4066 MB, Compressed Oops mode: Zero based, Oop shift amount: 3

CDS archive(s) not mapped
Compressed class space mapped at: 0x0000000800000000-0x0000000840000000, reserved size: 1073741824
Narrow klass base: 0x0000000800000000, Narrow klass shift: 0, Narrow klass range: 0x40000000

GC Precious Log:
 CPUs: 8 total, 8 available
 Memory: 16263M
 Large Page Support: Disabled
 NUMA Support: Disabled
 Compressed Oops: Enabled (Zero based)
 Heap Region Size: 2M
 Heap Min Capacity: 8M
 Heap Initial Capacity: 256M
 Heap Max Capacity: 4066M
 Pre-touch: Disabled
 Parallel Workers: 8
 Concurrent Workers: 2
 Concurrent Refinement Workers: 8
 Periodic GC: Disabled

Heap:
 garbage-first heap   total 262144K, used 0K [0x0000000701e00000, 0x0000000800000000)
  region size 2048K, 1 young (2048K), 0 survivors (0K)
 Metaspace       used 3543K, committed 3584K, reserved 1114112K
  class space    used 279K, committed 320K, reserved 1048576K

Heap Regions: E=young(eden), S=young(survivor), O=old, HS=humongous(starts), HC=humongous(continues), CS=collection set, F=free, OA=open archive, CA=closed archive, TAMS=top-at-mark-start (previous, next)
|   0|0x0000000701e00000, 0x0000000701e00000, 0x0000000702000000|  0%| F|  |TAMS 0x0000000701e00000, 0x0000000701e00000| Untracked 
|   1|0x0000000702000000, 0x0000000702000000, 0x0000000702200000|  0%| F|  |TAMS 0x0000000702000000, 0x0000000702000000| Untracked 
|   2|0x0000000702200000, 0x0000000702200000, 0x0000000702400000|  0%| F|  |TAMS 0x0000000702200000, 0x0000000702200000| Untracked 
|   3|0x0000000702400000, 0x0000000702400000, 0x0000000702600000|  0%| F|  |TAMS 0x0000000702400000, 0x0000000702400000| Untracked 
|   4|0x0000000702600000, 0x0000000702600000, 0x0000000702800000|  0%| F|  |TAMS 0x0000000702600000, 0x0000000702600000| Untracked 
|   5|0x0000000702800000, 0x0000000702800000, 0x0000000702a00000|  0%| F|  |TAMS 0x0000000702800000, 0x0000000702800000| Untracked 
|   6|0x0000000702a00000, 0x0000000702a00000, 0x0000000702c00000|  0%| F|  |TAMS 0x0000000702a00000, 0x0000000702a00000| Untracked 
|   7|0x0000000702c00000, 0x0000000702c00000, 0x0000000702e00000|  0%| F|  |TAMS 0x0000000702c00000, 0x0000000702c00000| Untracked 
|   8|0x0000000702e00000, 0x0000000702e00000, 0x0000000703000000|  0%| F|  |TAMS 0x0000000702e00000, 0x0000000702e00000| Untracked 
|   9|0x0000000703000000, 0x0000000703000000, 0x0000000703200000|  0%| F|  |TAMS 0x0000000703000000, 0x0000000703000000| Untracked 
|  10|0x0000000703200000, 0x0000000703200000, 0x0000000703400000|  0%| F|  |TAMS 0x0000000703200000, 0x0000000703200000| Untracked 
|  11|0x0000000703400000, 0x0000000703400000, 0x0000000703600000|  0%| F|  |TAMS 0x0000000703400000, 0x0000000703400000| Untracked 
|  12|0x0000000703600000, 0x0000000703600000, 0x0000000703800000|  0%| F|  |TAMS 0x0000000703600000, 0x0000000703600000| Untracked 
|  13|0x0000000703800000, 0x0000000703800000, 0x0000000703a00000|  0%| F|  |TAMS 0x0000000703800000, 0x0000000703800000| Untracked 
|  14|0x0000000703a00000, 0x0000000703a00000, 0x0000000703c00000|  0%| F|  |TAMS 0x0000000703a00000, 0x0000000703a00000| Untracked 
|  15|0x0000000703c00000, 0x0000000703c00000, 0x0000000703e00000|  0%| F|  |TAMS 0x0000000703c00000, 0x0000000703c00000| Untracked 
|  16|0x0000000703e00000, 0x0000000703e00000, 0x0000000704000000|  0%| F|  |TAMS 0x0000000703e00000, 0x0000000703e00000| Untracked 
|  17|0x0000000704000000, 0x0000000704000000, 0x0000000704200000|  0%| F|  |TAMS 0x0000000704000000, 0x0000000704000000| Untracked 
|  18|0x0000000704200000, 0x0000000704200000, 0x0000000704400000|  0%| F|  |TAMS 0x0000000704200000, 0x0000000704200000| Untracked 
|  19|0x0000000704400000, 0x0000000704400000, 0x0000000704600000|  0%| F|  |TAMS 0x0000000704400000, 0x0000000704400000| Untracked 
|  20|0x0000000704600000, 0x0000000704600000, 0x0000000704800000|  0%| F|  |TAMS 0x0000000704600000, 0x0000000704600000| Untracked 
|  21|0x0000000704800000, 0x0000000704800000, 0x0000000704a00000|  0%| F|  |TAMS 0x0000000704800000, 0x0000000704800000| Untracked 
|  22|0x0000000704a00000, 0x0000000704a00000, 0x0000000704c00000|  0%| F|  |TAMS 0x0000000704a00000, 0x0000000704a00000| Untracked 
|  23|0x0000000704c00000, 0x0000000704c00000, 0x0000000704e00000|  0%| F|  |TAMS 0x0000000704c00000, 0x0000000704c00000| Untracked 
|  24|0x0000000704e00000, 0x0000000704e00000, 0x0000000705000000|  0%| F|  |TAMS 0x0000000704e00000, 0x0000000704e00000| Untracked 
|  25|0x0000000705000000, 0x0000000705000000, 0x0000000705200000|  0%| F|  |TAMS 0x0000000705000000, 0x0000000705000000| Untracked 
|  26|0x0000000705200000, 0x0000000705200000, 0x0000000705400000|  0%| F|  |TAMS 0x0000000705200000, 0x0000000705200000| Untracked 
|  27|0x0000000705400000, 0x0000000705400000, 0x0000000705600000|  0%| F|  |TAMS 0x0000000705400000, 0x0000000705400000| Untracked 
|  28|0x0000000705600000, 0x0000000705600000, 0x0000000705800000|  0%| F|  |TAMS 0x0000000705600000, 0x0000000705600000| Untracked 
|  29|0x0000000705800000, 0x0000000705800000, 0x0000000705a00000|  0%| F|  |TAMS 0x0000000705800000, 0x0000000705800000| Untracked 
|  30|0x0000000705a00000, 0x0000000705a00000, 0x0000000705c00000|  0%| F|  |TAMS 0x0000000705a00000, 0x0000000705a00000| Untracked 
|  31|0x0000000705c00000, 0x0000000705c00000, 0x0000000705e00000|  0%| F|  |TAMS 0x0000000705c00000, 0x0000000705c00000| Untracked 
|  32|0x0000000705e00000, 0x0000000705e00000, 0x0000000706000000|  0%| F|  |TAMS 0x0000000705e00000, 0x0000000705e00000| Untracked 
|  33|0x0000000706000000, 0x0000000706000000, 0x0000000706200000|  0%| F|  |TAMS 0x0000000706000000, 0x0000000706000000| Untracked 
|  34|0x0000000706200000, 0x0000000706200000, 0x0000000706400000|  0%| F|  |TAMS 0x0000000706200000, 0x0000000706200000| Untracked 
|  35|0x0000000706400000, 0x0000000706400000, 0x0000000706600000|  0%| F|  |TAMS 0x0000000706400000, 0x0000000706400000| Untracked 
|  36|0x0000000706600000, 0x0000000706600000, 0x0000000706800000|  0%| F|  |TAMS 0x0000000706600000, 0x0000000706600000| Untracked 
|  37|0x0000000706800000, 0x0000000706800000, 0x0000000706a00000|  0%| F|  |TAMS 0x0000000706800000, 0x0000000706800000| Untracked 
|  38|0x0000000706a00000, 0x0000000706a00000, 0x0000000706c00000|  0%| F|  |TAMS 0x0000000706a00000, 0x0000000706a00000| Untracked 
|  39|0x0000000706c00000, 0x0000000706c00000, 0x0000000706e00000|  0%| F|  |TAMS 0x0000000706c00000, 0x0000000706c00000| Untracked 
|  40|0x0000000706e00000, 0x0000000706e00000, 0x0000000707000000|  0%| F|  |TAMS 0x0000000706e00000, 0x0000000706e00000| Untracked 
|  41|0x0000000707000000, 0x0000000707000000, 0x0000000707200000|  0%| F|  |TAMS 0x0000000707000000, 0x0000000707000000| Untracked 
|  42|0x0000000707200000, 0x0000000707200000, 0x0000000707400000|  0%| F|  |TAMS 0x0000000707200000, 0x0000000707200000| Untracked 
|  43|0x0000000707400000, 0x0000000707400000, 0x0000000707600000|  0%| F|  |TAMS 0x0000000707400000, 0x0000000707400000| Untracked 
|  44|0x0000000707600000, 0x0000000707600000, 0x0000000707800000|  0%| F|  |TAMS 0x0000000707600000, 0x0000000707600000| Untracked 
|  45|0x0000000707800000, 0x0000000707800000, 0x0000000707a00000|  0%| F|  |TAMS 0x0000000707800000, 0x0000000707800000| Untracked 
|  46|0x0000000707a00000, 0x0000000707a00000, 0x0000000707c00000|  0%| F|  |TAMS 0x0000000707a00000, 0x0000000707a00000| Untracked 
|  47|0x0000000707c00000, 0x0000000707c00000, 0x0000000707e00000|  0%| F|  |TAMS 0x0000000707c00000, 0x0000000707c00000| Untracked 
|  48|0x0000000707e00000, 0x0000000707e00000, 0x0000000708000000|  0%| F|  |TAMS 0x0000000707e00000, 0x0000000707e00000| Untracked 
|  49|0x0000000708000000, 0x0000000708000000, 0x0000000708200000|  0%| F|  |TAMS 0x0000000708000000, 0x0000000708000000| Untracked 
|  50|0x0000000708200000, 0x0000000708200000, 0x0000000708400000|  0%| F|  |TAMS 0x0000000708200000, 0x0000000708200000| Untracked 
|  51|0x0000000708400000, 0x0000000708400000, 0x0000000708600000|  0%| F|  |TAMS 0x0000000708400000, 0x0000000708400000| Untracked 
|  52|0x0000000708600000, 0x0000000708600000, 0x0000000708800000|  0%| F|  |TAMS 0x0000000708600000, 0x0000000708600000| Untracked 
|  53|0x0000000708800000, 0x0000000708800000, 0x0000000708a00000|  0%| F|  |TAMS 0x0000000708800000, 0x0000000708800000| Untracked 
|  54|0x0000000708a00000, 0x0000000708a00000, 0x0000000708c00000|  0%| F|  |TAMS 0x0000000708a00000, 0x0000000708a00000| Untracked 
|  55|0x0000000708c00000, 0x0000000708c00000, 0x0000000708e00000|  0%| F|  |TAMS 0x0000000708c00000, 0x0000000708c00000| Untracked 
|  56|0x0000000708e00000, 0x0000000708e00000, 0x0000000709000000|  0%| F|  |TAMS 0x0000000708e00000, 0x0000000708e00000| Untracked 
|  57|0x0000000709000000, 0x0000000709000000, 0x0000000709200000|  0%| F|  |TAMS 0x0000000709000000, 0x0000000709000000| Untracked 
|  58|0x0000000709200000, 0x0000000709200000, 0x0000000709400000|  0%| F|  |TAMS 0x0000000709200000, 0x0000000709200000| Untracked 
|  59|0x0000000709400000, 0x0000000709400000, 0x0000000709600000|  0%| F|  |TAMS 0x0000000709400000, 0x0000000709400000| Untracked 
|  60|0x0000000709600000, 0x0000000709600000, 0x0000000709800000|  0%| F|  |TAMS 0x0000000709600000, 0x0000000709600000| Untracked 
|  61|0x0000000709800000, 0x0000000709800000, 0x0000000709a00000|  0%| F|  |TAMS 0x0000000709800000, 0x0000000709800000| Untracked 
|  62|0x0000000709a00000, 0x0000000709a00000, 0x0000000709c00000|  0%| F|  |TAMS 0x0000000709a00000, 0x0000000709a00000| Untracked 
|  63|0x0000000709c00000, 0x0000000709c00000, 0x0000000709e00000|  0%| F|  |TAMS 0x0000000709c00000, 0x0000000709c00000| Untracked 
|  64|0x0000000709e00000, 0x0000000709e00000, 0x000000070a000000|  0%| F|  |TAMS 0x0000000709e00000, 0x0000000709e00000| Untracked 
|  65|0x000000070a000000, 0x000000070a000000, 0x000000070a200000|  0%| F|  |TAMS 0x000000070a000000, 0x000000070a000000| Untracked 
|  66|0x000000070a200000, 0x000000070a200000, 0x000000070a400000|  0%| F|  |TAMS 0x000000070a200000, 0x000000070a200000| Untracked 
|  67|0x000000070a400000, 0x000000070a400000, 0x000000070a600000|  0%| F|  |TAMS 0x000000070a400000, 0x000000070a400000| Untracked 
|  68|0x000000070a600000, 0x000000070a600000, 0x000000070a800000|  0%| F|  |TAMS 0x000000070a600000, 0x000000070a600000| Untracked 
|  69|0x000000070a800000, 0x000000070a800000, 0x000000070aa00000|  0%| F|  |TAMS 0x000000070a800000, 0x000000070a800000| Untracked 
|  70|0x000000070aa00000, 0x000000070aa00000, 0x000000070ac00000|  0%| F|  |TAMS 0x000000070aa00000, 0x000000070aa00000| Untracked 
|  71|0x000000070ac00000, 0x000000070ac00000, 0x000000070ae00000|  0%| F|  |TAMS 0x000000070ac00000, 0x000000070ac00000| Untracked 
|  72|0x000000070ae00000, 0x000000070ae00000, 0x000000070b000000|  0%| F|  |TAMS 0x000000070ae00000, 0x000000070ae00000| Untracked 
|  73|0x000000070b000000, 0x000000070b000000, 0x000000070b200000|  0%| F|  |TAMS 0x000000070b000000, 0x000000070b000000| Untracked 
|  74|0x000000070b200000, 0x000000070b200000, 0x000000070b400000|  0%| F|  |TAMS 0x000000070b200000, 0x000000070b200000| Untracked 
|  75|0x000000070b400000, 0x000000070b400000, 0x000000070b600000|  0%| F|  |TAMS 0x000000070b400000, 0x000000070b400000| Untracked 
|  76|0x000000070b600000, 0x000000070b600000, 0x000000070b800000|  0%| F|  |TAMS 0x000000070b600000, 0x000000070b600000| Untracked 
|  77|0x000000070b800000, 0x000000070b800000, 0x000000070ba00000|  0%| F|  |TAMS 0x000000070b800000, 0x000000070b800000| Untracked 
|  78|0x000000070ba00000, 0x000000070ba00000, 0x000000070bc00000|  0%| F|  |TAMS 0x000000070ba00000, 0x000000070ba00000| Untracked 
|  79|0x000000070bc00000, 0x000000070bc00000, 0x000000070be00000|  0%| F|  |TAMS 0x000000070bc00000, 0x000000070bc00000| Untracked 
|  80|0x000000070be00000, 0x000000070be00000, 0x000000070c000000|  0%| F|  |TAMS 0x000000070be00000, 0x000000070be00000| Untracked 
|  81|0x000000070c000000, 0x000000070c000000, 0x000000070c200000|  0%| F|  |TAMS 0x000000070c000000, 0x000000070c000000| Untracked 
|  82|0x000000070c200000, 0x000000070c200000, 0x000000070c400000|  0%| F|  |TAMS 0x000000070c200000, 0x000000070c200000| Untracked 
|  83|0x000000070c400000, 0x000000070c400000, 0x000000070c600000|  0%| F|  |TAMS 0x000000070c400000, 0x000000070c400000| Untracked 
|  84|0x000000070c600000, 0x000000070c600000, 0x000000070c800000|  0%| F|  |TAMS 0x000000070c600000, 0x000000070c600000| Untracked 
|  85|0x000000070c800000, 0x000000070c800000, 0x000000070ca00000|  0%| F|  |TAMS 0x000000070c800000, 0x000000070c800000| Untracked 
|  86|0x000000070ca00000, 0x000000070ca00000, 0x000000070cc00000|  0%| F|  |TAMS 0x000000070ca00000, 0x000000070ca00000| Untracked 
|  87|0x000000070cc00000, 0x000000070cc00000, 0x000000070ce00000|  0%| F|  |TAMS 0x000000070cc00000, 0x000000070cc00000| Untracked 
|  88|0x000000070ce00000, 0x000000070ce00000, 0x000000070d000000|  0%| F|  |TAMS 0x000000070ce00000, 0x000000070ce00000| Untracked 
|  89|0x000000070d000000, 0x000000070d000000, 0x000000070d200000|  0%| F|  |TAMS 0x000000070d000000, 0x000000070d000000| Untracked 
|  90|0x000000070d200000, 0x000000070d200000, 0x000000070d400000|  0%| F|  |TAMS 0x000000070d200000, 0x000000070d200000| Untracked 
|  91|0x000000070d400000, 0x000000070d400000, 0x000000070d600000|  0%| F|  |TAMS 0x000000070d400000, 0x000000070d400000| Untracked 
|  92|0x000000070d600000, 0x000000070d600000, 0x000000070d800000|  0%| F|  |TAMS 0x000000070d600000, 0x000000070d600000| Untracked 
|  93|0x000000070d800000, 0x000000070d800000, 0x000000070da00000|  0%| F|  |TAMS 0x000000070d800000, 0x000000070d800000| Untracked 
|  94|0x000000070da00000, 0x000000070da00000, 0x000000070dc00000|  0%| F|  |TAMS 0x000000070da00000, 0x000000070da00000| Untracked 
|  95|0x000000070dc00000, 0x000000070dc00000, 0x000000070de00000|  0%| F|  |TAMS 0x000000070dc00000, 0x000000070dc00000| Untracked 
|  96|0x000000070de00000, 0x000000070de00000, 0x000000070e000000|  0%| F|  |TAMS 0x000000070de00000, 0x000000070de00000| Untracked 
|  97|0x000000070e000000, 0x000000070e000000, 0x000000070e200000|  0%| F|  |TAMS 0x000000070e000000, 0x000000070e000000| Untracked 
|  98|0x000000070e200000, 0x000000070e200000, 0x000000070e400000|  0%| F|  |TAMS 0x000000070e200000, 0x000000070e200000| Untracked 
|  99|0x000000070e400000, 0x000000070e400000, 0x000000070e600000|  0%| F|  |TAMS 0x000000070e400000, 0x000000070e400000| Untracked 
| 100|0x000000070e600000, 0x000000070e600000, 0x000000070e800000|  0%| F|  |TAMS 0x000000070e600000, 0x000000070e600000| Untracked 
| 101|0x000000070e800000, 0x000000070e800000, 0x000000070ea00000|  0%| F|  |TAMS 0x000000070e800000, 0x000000070e800000| Untracked 
| 102|0x000000070ea00000, 0x000000070ea00000, 0x000000070ec00000|  0%| F|  |TAMS 0x000000070ea00000, 0x000000070ea00000| Untracked 
| 103|0x000000070ec00000, 0x000000070ec00000, 0x000000070ee00000|  0%| F|  |TAMS 0x000000070ec00000, 0x000000070ec00000| Untracked 
| 104|0x000000070ee00000, 0x000000070ee00000, 0x000000070f000000|  0%| F|  |TAMS 0x000000070ee00000, 0x000000070ee00000| Untracked 
| 105|0x000000070f000000, 0x000000070f000000, 0x000000070f200000|  0%| F|  |TAMS 0x000000070f000000, 0x000000070f000000| Untracked 
| 106|0x000000070f200000, 0x000000070f200000, 0x000000070f400000|  0%| F|  |TAMS 0x000000070f200000, 0x000000070f200000| Untracked 
| 107|0x000000070f400000, 0x000000070f400000, 0x000000070f600000|  0%| F|  |TAMS 0x000000070f400000, 0x000000070f400000| Untracked 
| 108|0x000000070f600000, 0x000000070f600000, 0x000000070f800000|  0%| F|  |TAMS 0x000000070f600000, 0x000000070f600000| Untracked 
| 109|0x000000070f800000, 0x000000070f800000, 0x000000070fa00000|  0%| F|  |TAMS 0x000000070f800000, 0x000000070f800000| Untracked 
| 110|0x000000070fa00000, 0x000000070fa00000, 0x000000070fc00000|  0%| F|  |TAMS 0x000000070fa00000, 0x000000070fa00000| Untracked 
| 111|0x000000070fc00000, 0x000000070fc00000, 0x000000070fe00000|  0%| F|  |TAMS 0x000000070fc00000, 0x000000070fc00000| Untracked 
| 112|0x000000070fe00000, 0x000000070fe00000, 0x0000000710000000|  0%| F|  |TAMS 0x000000070fe00000, 0x000000070fe00000| Untracked 
| 113|0x0000000710000000, 0x0000000710000000, 0x0000000710200000|  0%| F|  |TAMS 0x0000000710000000, 0x0000000710000000| Untracked 
| 114|0x0000000710200000, 0x0000000710200000, 0x0000000710400000|  0%| F|  |TAMS 0x0000000710200000, 0x0000000710200000| Untracked 
| 115|0x0000000710400000, 0x0000000710400000, 0x0000000710600000|  0%| F|  |TAMS 0x0000000710400000, 0x0000000710400000| Untracked 
| 116|0x0000000710600000, 0x0000000710600000, 0x0000000710800000|  0%| F|  |TAMS 0x0000000710600000, 0x0000000710600000| Untracked 
| 117|0x0000000710800000, 0x0000000710800000, 0x0000000710a00000|  0%| F|  |TAMS 0x0000000710800000, 0x0000000710800000| Untracked 
| 118|0x0000000710a00000, 0x0000000710a00000, 0x0000000710c00000|  0%| F|  |TAMS 0x0000000710a00000, 0x0000000710a00000| Untracked 
| 119|0x0000000710c00000, 0x0000000710c00000, 0x0000000710e00000|  0%| F|  |TAMS 0x0000000710c00000, 0x0000000710c00000| Untracked 
| 120|0x0000000710e00000, 0x0000000710e00000, 0x0000000711000000|  0%| F|  |TAMS 0x0000000710e00000, 0x0000000710e00000| Untracked 
| 121|0x0000000711000000, 0x0000000711000000, 0x0000000711200000|  0%| F|  |TAMS 0x0000000711000000, 0x0000000711000000| Untracked 
| 122|0x0000000711200000, 0x0000000711200000, 0x0000000711400000|  0%| F|  |TAMS 0x0000000711200000, 0x0000000711200000| Untracked 
| 123|0x0000000711400000, 0x0000000711400000, 0x0000000711600000|  0%| F|  |TAMS 0x0000000711400000, 0x0000000711400000| Untracked 
| 124|0x0000000711600000, 0x0000000711600000, 0x0000000711800000|  0%| F|  |TAMS 0x0000000711600000, 0x0000000711600000| Untracked 
| 125|0x0000000711800000, 0x0000000711800000, 0x0000000711a00000|  0%| F|  |TAMS 0x0000000711800000, 0x0000000711800000| Untracked 
| 126|0x0000000711a00000, 0x0000000711a00000, 0x0000000711c00000|  0%| F|  |TAMS 0x0000000711a00000, 0x0000000711a00000| Untracked 
| 127|0x0000000711c00000, 0x0000000711dc2ac8, 0x0000000711e00000| 88%| E|  |TAMS 0x0000000711c00000, 0x0000000711c00000| Complete 

Card table byte_map: [0x00000181697a0000,0x0000018169fa0000] _byte_map_base: 0x0000018165f91000

Marking Bits (Prev, Next): (CMBitMap*) 0x0000018152438e00, (CMBitMap*) 0x0000018152438e40
 Prev Bits: [0x000001816a7a0000, 0x000001816e728000)
 Next Bits: [0x000001816e730000, 0x00000181726b8000)

Polling page: 0x0000018150550000

Metaspace:

Usage:
  Non-class:      3.19 MB used.
      Class:    279.94 KB used.
       Both:      3.46 MB used.

Virtual space:
  Non-class space:       64.00 MB reserved,       3.19 MB (  5%) committed,  1 nodes.
      Class space:        1.00 GB reserved,     320.00 KB ( <1%) committed,  1 nodes.
             Both:        1.06 GB reserved,       3.50 MB ( <1%) committed. 

Chunk freelists:
   Non-Class:  12.00 MB
       Class:  15.62 MB
        Both:  27.62 MB

MaxMetaspaceSize: unlimited
CompressedClassSpaceSize: 1.00 GB
Initial GC threshold: 21.00 MB
Current GC threshold: 21.00 MB
CDS: off
MetaspaceReclaimPolicy: balanced
 - commit_granule_bytes: 65536.
 - commit_granule_words: 8192.
 - virtual_space_node_default_size: 8388608.
 - enlarge_chunks_in_place: 1.
 - new_chunks_are_fully_committed: 0.
 - uncommit_free_chunks: 1.
 - use_allocation_guard: 0.
 - handle_deallocations: 1.


Internal statistics:

num_allocs_failed_limit: 0.
num_arena_births: 2.
num_arena_deaths: 0.
num_vsnodes_births: 2.
num_vsnodes_deaths: 0.
num_space_committed: 56.
num_space_uncommitted: 0.
num_chunks_returned_to_freelist: 0.
num_chunks_taken_from_freelist: 4.
num_chunk_merges: 0.
num_chunk_splits: 2.
num_chunks_enlarged: 0.
num_inconsistent_stats: 0.

CodeHeap 'non-profiled nmethods': size=120000Kb used=15Kb max_used=15Kb free=119984Kb
 bounds [0x0000018161740000, 0x00000181619b0000, 0x0000018168c70000]
CodeHeap 'profiled nmethods': size=120000Kb used=84Kb max_used=84Kb free=119915Kb
 bounds [0x0000018159c70000, 0x0000018159ee0000, 0x00000181611a0000]
CodeHeap 'non-nmethods': size=5760Kb used=1032Kb max_used=1045Kb free=4727Kb
 bounds [0x00000181611a0000, 0x0000018161410000, 0x0000018161740000]
 total_blobs=354 nmethods=69 adapters=198
 compilation: enabled
              stopped_count=0, restarted_count=0
 full_count=0

Compilation events (20 events):
Event: 0.205 Thread 0x000001810409be70   63       3       java.util.HashMap::getNode (150 bytes)
Event: 0.205 Thread 0x000001810409be70 nmethod 63 0x0000018159c83210 code [0x0000018159c83440, 0x0000018159c84038]
Event: 0.205 Thread 0x000001810409be70   62       1       java.lang.module.ModuleDescriptor$Exports::source (5 bytes)
Event: 0.205 Thread 0x000001810409be70 nmethod 62 0x0000018161742d10 code [0x0000018161742ea0, 0x0000018161742f78]
Event: 0.205 Thread 0x000001810409be70   64       3       java.util.ImmutableCollections$Set12$1::hasNext (13 bytes)
Event: 0.205 Thread 0x000001810409be70 nmethod 64 0x0000018159c84310 code [0x0000018159c844a0, 0x0000018159c84618]
Event: 0.205 Thread 0x000001810409be70   59       1       java.lang.module.ModuleDescriptor::isAutomatic (5 bytes)
Event: 0.206 Thread 0x000001810409be70 nmethod 59 0x0000018161743010 code [0x00000181617431a0, 0x0000018161743278]
Event: 0.206 Thread 0x000001810409be70   54       1       java.lang.module.ResolvedModule::reference (5 bytes)
Event: 0.206 Thread 0x000001810409be70 nmethod 54 0x0000018161743310 code [0x00000181617434a0, 0x0000018161743578]
Event: 0.206 Thread 0x000001810409be70   66       1       java.lang.module.ResolvedModule::configuration (5 bytes)
Event: 0.206 Thread 0x000001810409be70 nmethod 66 0x0000018161743610 code [0x00000181617437a0, 0x0000018161743878]
Event: 0.206 Thread 0x000001810409be70   65       1       java.lang.module.ModuleDescriptor$Exports::targets (5 bytes)
Event: 0.206 Thread 0x000001810409be70 nmethod 65 0x0000018161743910 code [0x0000018161743aa0, 0x0000018161743b78]
Event: 0.206 Thread 0x000001810409be70   67       3       java.util.ImmutableCollections$Set12::iterator (9 bytes)
Event: 0.206 Thread 0x000001810409be70 nmethod 67 0x0000018159c84690 code [0x0000018159c84840, 0x0000018159c84b38]
Event: 0.206 Thread 0x000001810409be70   68       3       java.util.ImmutableCollections$Set12$1::<init> (32 bytes)
Event: 0.207 Thread 0x000001810409be70 nmethod 68 0x0000018159c84c10 code [0x0000018159c84dc0, 0x0000018159c84ff8]
Event: 0.207 Thread 0x000001810409be70   69       1       java.util.ImmutableCollections$Set12::isEmpty (2 bytes)
Event: 0.207 Thread 0x000001810409be70 nmethod 69 0x0000018161743c10 code [0x0000018161743da0, 0x0000018161743e78]

GC Heap History (0 events):
No events

Deoptimization events (0 events):
No events

Classes unloaded (0 events):
No events

Classes redefined (0 events):
No events

Internal exceptions (0 events):
No events

VM Operations (0 events):
No events

Events (20 events):
Event: 0.206 loading class java/util/HashMap$KeySet
Event: 0.207 loading class java/util/HashMap$KeySet done
Event: 0.207 loading class java/util/HashMap$KeyIterator
Event: 0.207 loading class java/util/HashMap$KeyIterator done
Event: 0.207 loading class java/lang/ModuleLayer$Controller
Event: 0.207 loading class java/lang/ModuleLayer$Controller done
Event: 0.207 loading class java/lang/invoke/StringConcatFactory
Event: 0.207 loading class java/lang/invoke/StringConcatFactory done
Event: 0.207 loading class java/lang/invoke/StringConcatFactory$1
Event: 0.208 loading class java/lang/invoke/StringConcatFactory$1 done
Event: 0.208 loading class java/lang/invoke/StringConcatFactory$2
Event: 0.208 loading class java/lang/invoke/StringConcatFactory$2 done
Event: 0.208 loading class java/lang/invoke/StringConcatFactory$3
Event: 0.208 loading class java/lang/invoke/StringConcatFactory$3 done
Event: 0.208 loading class java/lang/reflect/Array
Event: 0.208 loading class java/lang/reflect/Array done
Event: 0.208 Thread 0x00000181041ec0f0 Thread added: 0x00000181041ec0f0
Event: 0.208 loading class jdk/internal/vm/PostVMInitHook
Event: 0.208 loading class jdk/internal/vm/PostVMInitHook done
Event: 0.208 loading class java/util/Locale


Dynamic libraries:
0x00007ff777ea0000 - 0x00007ff777eb0000 	C:\Program Files\Java\jdk-17\bin\javaw.exe
0x00007ffecc0f0000 - 0x00007ffecc2e7000 	C:\Windows\SYSTEM32\ntdll.dll
0x00007ffea7f40000 - 0x00007ffea7f59000 	C:\Program Files\Avast Software\Avast\aswhook.dll
0x00007ffeca300000 - 0x00007ffeca3bd000 	C:\Windows\System32\KERNEL32.DLL
0x00007ffec9da0000 - 0x00007ffeca096000 	C:\Windows\System32\KERNELBASE.dll
0x00007ffec9960000 - 0x00007ffec9a60000 	C:\Windows\System32\ucrtbase.dll
0x00007ffeb0ef0000 - 0x00007ffeb0f09000 	C:\Program Files\Java\jdk-17\bin\jli.dll
0x00007ffeac310000 - 0x00007ffeac32b000 	C:\Program Files\Java\jdk-17\bin\VCRUNTIME140.dll
0x00007ffecbde0000 - 0x00007ffecbe8e000 	C:\Windows\System32\ADVAPI32.dll
0x00007ffeca5c0000 - 0x00007ffeca65e000 	C:\Windows\System32\msvcrt.dll
0x00007ffeca890000 - 0x00007ffeca92c000 	C:\Windows\System32\sechost.dll
0x00007ffecb1b0000 - 0x00007ffecb2d6000 	C:\Windows\System32\RPCRT4.dll
0x00007ffecbf10000 - 0x00007ffecc0ae000 	C:\Windows\System32\USER32.dll
0x00007ffeb25c0000 - 0x00007ffeb285a000 	C:\Windows\WinSxS\amd64_microsoft.windows.common-controls_6595b64144ccf1df_6.0.19041.3570_none_60bb2a3971f3e41a\COMCTL32.dll
0x00007ffec97d0000 - 0x00007ffec97f2000 	C:\Windows\System32\win32u.dll
0x00007ffeca1d0000 - 0x00007ffeca1fc000 	C:\Windows\System32\GDI32.dll
0x00007ffec9c80000 - 0x00007ffec9d9a000 	C:\Windows\System32\gdi32full.dll
0x00007ffec98c0000 - 0x00007ffec995d000 	C:\Windows\System32\msvcp_win.dll
0x00007ffeb9fd0000 - 0x00007ffeb9fda000 	C:\Windows\SYSTEM32\VERSION.dll
0x00007ffeca200000 - 0x00007ffeca230000 	C:\Windows\System32\IMM32.DLL
0x00007ffec4c50000 - 0x00007ffec4c5c000 	C:\Program Files\Java\jdk-17\bin\vcruntime140_1.dll
0x00007ffe98140000 - 0x00007ffe981ce000 	C:\Program Files\Java\jdk-17\bin\msvcp140.dll
0x00007ffe41000000 - 0x00007ffe41be1000 	C:\Program Files\Java\jdk-17\bin\server\jvm.dll
0x00007ffeca7f0000 - 0x00007ffeca7f8000 	C:\Windows\System32\PSAPI.DLL
0x00007ffeb55d0000 - 0x00007ffeb55d9000 	C:\Windows\SYSTEM32\WSOCK32.dll
0x00007ffeb2b10000 - 0x00007ffeb2b37000 	C:\Windows\SYSTEM32\WINMM.dll
0x00007ffecb2e0000 - 0x00007ffecb34b000 	C:\Windows\System32\WS2_32.dll
0x00007ffec7fc0000 - 0x00007ffec7fd2000 	C:\Windows\SYSTEM32\kernel.appcore.dll
0x00007ffec5170000 - 0x00007ffec517a000 	C:\Program Files\Java\jdk-17\bin\jimage.dll
0x00007ffec7380000 - 0x00007ffec7564000 	C:\Windows\SYSTEM32\DBGHELP.DLL
0x00007ffeb8d60000 - 0x00007ffeb8d94000 	C:\Windows\SYSTEM32\dbgcore.DLL
0x00007ffec9830000 - 0x00007ffec98b2000 	C:\Windows\System32\bcryptPrimitives.dll
0x00007ffec2150000 - 0x00007ffec2175000 	C:\Program Files\Java\jdk-17\bin\java.dll
0x00007ffeb1ca0000 - 0x00007ffeb1d77000 	C:\Program Files\Java\jdk-17\bin\jsvml.dll
0x00007ffecb3b0000 - 0x00007ffecbaf4000 	C:\Windows\System32\SHELL32.dll
0x00007ffec7810000 - 0x00007ffec7fab000 	C:\Windows\SYSTEM32\windows.storage.dll
0x00007ffeca930000 - 0x00007ffecac84000 	C:\Windows\System32\combase.dll
0x00007ffec9130000 - 0x00007ffec915d000 	C:\Windows\SYSTEM32\Wldp.dll
0x00007ffecb100000 - 0x00007ffecb1ad000 	C:\Windows\System32\SHCORE.dll
0x00007ffeca770000 - 0x00007ffeca7c5000 	C:\Windows\System32\shlwapi.dll
0x00007ffec9700000 - 0x00007ffec9725000 	C:\Windows\SYSTEM32\profapi.dll

dbghelp: loaded successfully - version: 4.0.5 - missing functions: none
symbol engine: initialized successfully - sym options: 0x614 - pdb path: .;C:\Program Files\Java\jdk-17\bin;C:\Windows\SYSTEM32;C:\Program Files\Avast Software\Avast;C:\Windows\WinSxS\amd64_microsoft.windows.common-controls_6595b64144ccf1df_6.0.19041.3570_none_60bb2a3971f3e41a;C:\Program Files\Java\jdk-17\bin\server

VM Arguments:
jvm_args: -Dfile.encoding=UTF-8 -Dstdout.encoding=UTF-8 -Dstderr.encoding=UTF-8 -XX:+ShowCodeDetailsInExceptionMessages 
java_command: ballarddesigns.Ballarddesigns
java_class_path (initial): C:\Users\lenovo\eclipse-workspace\ballarddesigns\bin;C:\Users\lenovo\Downloads\selenium-java-4.14.1\selenium-api-4.14.1.jar;C:\Users\lenovo\Downloads\selenium-java-4.14.1\selenium-api-4.14.1-sources.jar;C:\Users\lenovo\Downloads\selenium-java-4.14.1\selenium-chrome-driver-4.14.1.jar;C:\Users\lenovo\Downloads\selenium-java-4.14.1\selenium-chrome-driver-4.14.1-sources.jar;C:\Users\lenovo\Downloads\selenium-java-4.14.1\selenium-chromium-driver-4.14.1.jar;C:\Users\lenovo\Downloads\selenium-java-4.14.1\selenium-chromium-driver-4.14.1-sources.jar;C:\Users\lenovo\Downloads\selenium-java-4.14.1\selenium-devtools-v85-4.14.1.jar;C:\Users\lenovo\Downloads\selenium-java-4.14.1\selenium-devtools-v85-4.14.1-sources.jar;C:\Users\lenovo\Downloads\selenium-java-4.14.1\selenium-devtools-v116-4.14.1.jar;C:\Users\lenovo\Downloads\selenium-java-4.14.1\selenium-devtools-v116-4.14.1-sources.jar;C:\Users\lenovo\Downloads\selenium-java-4.14.1\selenium-devtools-v117-4.14.1.jar;C:\Users\lenovo\Downloads\selenium-java-4.14.1\selenium-devtools-v117-4.14.1-sources.jar;C:\Users\lenovo\Downloads\selenium-java-4.14.1\selenium-devtools-v118-4.14.1.jar;C:\Users\lenovo\Downloads\selenium-java-4.14.1\selenium-devtools-v118-4.14.1-sources.jar;C:\Users\lenovo\Downloads\selenium-java-4.14.1\selenium-edge-driver-4.14.1.jar;C:\Users\lenovo\Downloads\selenium-java-4.14.1\selenium-edge-driver-4.14.1-sources.jar;C:\Users\lenovo\Downloads\selenium-java-4.14.1\selenium-firefox-driver-4.14.1.jar;C:\Users\lenovo\Downloads\selenium-java-4.14.1\selenium-firefox-driver-4.14.1-sources.jar;C:\Users\lenovo\Downloads\selenium-java-4.14.1\selenium-http-4.14.1.jar;C:\Users\lenovo\Downloads\selenium-java-4.14.1\selenium-http-4.14.1-sources.jar;C:\Users\lenovo\Downloads\selenium-java-4.14.1\selenium-ie-driver-4.14.1.jar;C:\Users\lenovo\Downloads\selenium-java-4.14.1\selenium-ie-driver-4.14.1-sources.jar;C:\Users\lenovo\Downloads\selenium-java-4.14.1\selenium-java-4.14.1.jar;C:\Users\lenovo\Downlo
Launcher Type: SUN_STANDARD

[Global flags]
     intx CICompilerCount                          = 4                                         {product} {ergonomic}
     uint ConcGCThreads                            = 2                                         {product} {ergonomic}
     uint G1ConcRefinementThreads                  = 8                                         {product} {ergonomic}
   size_t G1HeapRegionSize                         = 2097152                                   {product} {ergonomic}
    uintx GCDrainStackTargetSize                   = 64                                        {product} {ergonomic}
   size_t InitialHeapSize                          = 268435456                                 {product} {ergonomic}
   size_t MarkStackSize                            = 4194304                                   {product} {ergonomic}
   size_t MaxHeapSize                              = 4263510016                                {product} {ergonomic}
   size_t MaxNewSize                               = 2556428288                                {product} {ergonomic}
   size_t MinHeapDeltaBytes                        = 2097152                                   {product} {ergonomic}
   size_t MinHeapSize                              = 8388608                                   {product} {ergonomic}
    uintx NonNMethodCodeHeapSize                   = 5839372                                {pd product} {ergonomic}
    uintx NonProfiledCodeHeapSize                  = 122909434                              {pd product} {ergonomic}
    uintx ProfiledCodeHeapSize                     = 122909434                              {pd product} {ergonomic}
    uintx ReservedCodeCacheSize                    = 251658240                              {pd product} {ergonomic}
     bool SegmentedCodeCache                       = true                                      {product} {ergonomic}
     bool ShowCodeDetailsInExceptionMessages       = true                                   {manageable} {command line}
   size_t SoftMaxHeapSize                          = 4263510016                             {manageable} {ergonomic}
     bool UseCompressedClassPointers               = true                           {product lp64_product} {ergonomic}
     bool UseCompressedOops                        = true                           {product lp64_product} {ergonomic}
     bool UseG1GC                                  = true                                      {product} {ergonomic}
     bool UseLargePagesIndividualAllocation        = false                                  {pd product} {ergonomic}

Logging:
Log output configuration:
 #0: stdout all=warning uptime,level,tags
 #1: stderr all=off uptime,level,tags

Environment Variables:
PATH=C:/Program Files/Java/jdk-17/bin/server;C:/Program Files/Java/jdk-17/bin;C:\Program Files\Common Files\Oracle\Java\javapath;C:\Windows\system32;C:\Windows;C:\Windows\System32\Wbem;C:\Windows\System32\WindowsPowerShell\v1.0\;C:\Windows\System32\OpenSSH\;C:\Users\lenovo\.dnx\bin;C:\Program Files\Microsoft DNX\Dnvm\;C:\Program Files\Microsoft SQL Server\120\Tools\Binn\;C:\Program Files\Microsoft SQL Server\130\Tools\Binn\;C:\Program Files\dotnet\;C:\Program Files\nodejs\;C:\Users\lenovo\AppData\Roaming\Microsoft\Windows\Start Menu\Programs\Python 3.10;C:\Program Files\Git\cmd;C:\ProgramData\ComposerSetup\bin;C:\Program Files\MongoDB\Server\5.0\bin;C:\Program Files\MATLAB\R2023a\bin;C:\Program Files (x86)\Gpg4win\..\GnuPG\bin;C:\Program Files\Java\jdk-17\bin;C:\Program Files\MySQL\MySQL Shell 8.0\bin\;C:\Users\lenovo\AppData\Local\Microsoft\WindowsApps;C:\Users\lenovo\.dotnet\tools;C:\Users\lenovo\AppData\Roaming\npm;C:\Users\lenovo\AppData\Local\Programs\Microsoft VS Code\bin;C:\Users\lenovo\AppData\Local\GitHubDesktop\bin;C:\xampp\php;C:\Users\lenovo\AppData\Roaming\Composer\vendor\bin;C:\spark\spark-3.3.0-bin-hadoop2\bin;C:\hadoop\bin;;C:\Program Files\JetBrains\IntelliJ IDEA Community Edition 2022.2.2\bin;;C:\Users\lenovo\AppData\Local\Programs\Fiddler;C:\Windows\system32;
USERNAME=lenovo
OS=Windows_NT
PROCESSOR_IDENTIFIER=Intel64 Family 6 Model 142 Stepping 12, GenuineIntel



---------------  S Y S T E M  ---------------

OS:
 Windows 10 , 64 bit Build 19041 (10.0.19041.3570)
OS uptime: 2 days 1:46 hours
Hyper-V role detected

CPU: total 8 (initial active 8) (4 cores per cpu, 2 threads per core) family 6 model 142 stepping 12 microcode 0xb8, cx8, cmov, fxsr, ht, mmx, 3dnowpref, sse, sse2, sse3, ssse3, sse4.1, sse4.2, popcnt, lzcnt, tsc, tscinvbit, avx, avx2, aes, erms, clmul, bmi1, bmi2, adx, fma, vzeroupper, clflush, clflushopt, hv

Memory: 4k page, system-wide physical 16263M (3628M free)
TotalPageFile size 53684M (AvailPageFile size 4M)
current process WorkingSet (physical memory assigned to process): 26M, peak: 26M
current process commit charge ("private bytes"): 335M, peak: 339M

vm_info: Java HotSpot(TM) 64-Bit Server VM (17.0.9+11-LTS-201) for windows-amd64 JRE (17.0.9+11-LTS-201), built on Oct 10 2023 23:16:06 by "mach5one" with MS VC++ 17.1 (VS2022)

END.
