#
# There is insufficient memory for the Java Runtime Environment to continue.
# Native memory allocation (malloc) failed to allocate 381056 bytes for Chunk::new
# Possible reasons:
#   The system is out of physical RAM or swap space
#   The process is running with CompressedOops enabled, and the Java Heap may be blocking the growth of the native heap
# Possible solutions:
#   Reduce memory load on the system
#   Increase physical memory or swap space
#   Check if swap backing store is full
#   Decrease Java heap size (-Xmx/-Xms)
#   Decrease number of Java threads
#   Decrease Java thread stack sizes (-Xss)
#   Set larger code cache with -XX:ReservedCodeCacheSize=
#   JVM is running with Zero Based Compressed Oops mode in which the Java heap is
#     placed in the first 32GB address space. The Java Heap base address is the
#     maximum limit for the native heap growth. Please use -XX:HeapBaseMinAddress
#     to set the Java Heap base and to place the Java Heap above 32GB virtual address.
# This output file may be truncated or incomplete.
#
#  Out of Memory Error (arena.cpp:189), pid=38328, tid=10848
#
# JRE version: Java(TM) SE Runtime Environment (17.0.9+11) (build 17.0.9+11-LTS-201)
# Java VM: Java HotSpot(TM) 64-Bit Server VM (17.0.9+11-LTS-201, mixed mode, sharing, tiered, compressed oops, compressed class ptrs, g1 gc, windows-amd64)
# No core dump will be written. Minidumps are not enabled by default on client versions of Windows
#

---------------  S U M M A R Y ------------

Command Line: -Dfile.encoding=UTF-8 -Dstdout.encoding=UTF-8 -Dstderr.encoding=UTF-8 -XX:+ShowCodeDetailsInExceptionMessages ballarddesigns.Ballarddesigns

Host: Intel(R) Core(TM) i7-8565U CPU @ 1.80GHz, 8 cores, 15G,  Windows 10 , 64 bit Build 19041 (10.0.19041.3570)
Time: Wed Oct 25 11:55:38 2023 Jordan Standard Time elapsed time: 1.352656 seconds (0d 0h 0m 1s)

---------------  T H R E A D  ---------------

Current thread (0x000001991eac6990):  JavaThread "C2 CompilerThread1" daemon [_thread_in_native, id=10848, stack(0x0000003b0e700000,0x0000003b0e800000)]


Current CompileTask:
C2:   1352 1438 % !   4       java.util.concurrent.ConcurrentHashMap::transfer @ 372 (849 bytes)

Stack: [0x0000003b0e700000,0x0000003b0e800000]
Native frames: (J=compiled Java code, j=interpreted, Vv=VM code, C=native code)
V  [jvm.dll+0x678a4a]
V  [jvm.dll+0x7d9cfd]
V  [jvm.dll+0x7db60e]
V  [jvm.dll+0x7dbc73]
V  [jvm.dll+0x245e1f]
V  [jvm.dll+0xaaafb]
V  [jvm.dll+0xab09c]
V  [jvm.dll+0x36237e]
V  [jvm.dll+0x32ca01]
V  [jvm.dll+0x32be9a]
V  [jvm.dll+0x21812f]
V  [jvm.dll+0x217561]
V  [jvm.dll+0x1a3bc0]
V  [jvm.dll+0x2272de]
V  [jvm.dll+0x22548b]
V  [jvm.dll+0x78f58c]
V  [jvm.dll+0x78998a]
V  [jvm.dll+0x677875]
C  [ucrtbase.dll+0x21bb2]
C  [KERNEL32.DLL+0x17344]
C  [ntdll.dll+0x526b1]


---------------  P R O C E S S  ---------------

Threads class SMR info:
_java_thread_list=0x000001996486d6b0, length=23, elements={
0x0000019978eec200, 0x000001997f675d70, 0x000001997f676b00, 0x000001997f687870,
0x000001997f68b260, 0x000001997f68df40, 0x000001997f699d20, 0x000001997f69a920,
0x000001997f69b2e0, 0x000001991e833350, 0x000001991e833860, 0x000001991e8300b0,
0x000001991eac6990, 0x000001991e830fe0, 0x000001991e8314f0, 0x000001991e832420,
0x000001991e832930, 0x000001991e831a00, 0x000001991e831f10, 0x000001991e830ad0,
0x000001991e832e40, 0x000001996483d990, 0x000001996483cf70
}

Java Threads: ( => current thread )
  0x0000019978eec200 JavaThread "Forwarding newSession on session null to remote" [_thread_blocked, id=16480, stack(0x0000003b0d400000,0x0000003b0d500000)]
  0x000001997f675d70 JavaThread "Reference Handler" daemon [_thread_blocked, id=40872, stack(0x0000003b0db00000,0x0000003b0dc00000)]
  0x000001997f676b00 JavaThread "Finalizer" daemon [_thread_blocked, id=31832, stack(0x0000003b0dc00000,0x0000003b0dd00000)]
  0x000001997f687870 JavaThread "Signal Dispatcher" daemon [_thread_blocked, id=39256, stack(0x0000003b0dd00000,0x0000003b0de00000)]
  0x000001997f68b260 JavaThread "Attach Listener" daemon [_thread_blocked, id=32356, stack(0x0000003b0de00000,0x0000003b0df00000)]
  0x000001997f68df40 JavaThread "Service Thread" daemon [_thread_blocked, id=29248, stack(0x0000003b0df00000,0x0000003b0e000000)]
  0x000001997f699d20 JavaThread "Monitor Deflation Thread" daemon [_thread_blocked, id=22580, stack(0x0000003b0e000000,0x0000003b0e100000)]
  0x000001997f69a920 JavaThread "C2 CompilerThread0" daemon [_thread_blocked, id=19264, stack(0x0000003b0e100000,0x0000003b0e200000)]
  0x000001997f69b2e0 JavaThread "C1 CompilerThread0" daemon [_thread_in_vm, id=29840, stack(0x0000003b0e200000,0x0000003b0e300000)]
  0x000001991e833350 JavaThread "Sweeper thread" daemon [_thread_blocked, id=27164, stack(0x0000003b0e300000,0x0000003b0e400000)]
  0x000001991e833860 JavaThread "Notification Thread" daemon [_thread_blocked, id=32920, stack(0x0000003b0e400000,0x0000003b0e500000)]
  0x000001991e8300b0 JavaThread "Common-Cleaner" daemon [_thread_blocked, id=35700, stack(0x0000003b0e600000,0x0000003b0e700000)]
=>0x000001991eac6990 JavaThread "C2 CompilerThread1" daemon [_thread_in_native, id=10848, stack(0x0000003b0e700000,0x0000003b0e800000)]
  0x000001991e830fe0 JavaThread "ForkJoinPool.commonPool-worker-1" daemon [_thread_blocked, id=7052, stack(0x0000003b0e800000,0x0000003b0e900000)]
  0x000001991e8314f0 JavaThread "HttpClient-1-SelectorManager" daemon [_thread_in_native, id=28172, stack(0x0000003b0e900000,0x0000003b0ea00000)]
  0x000001991e832420 JavaThread "Thread-0" [_thread_in_native, id=41188, stack(0x0000003b0ea00000,0x0000003b0eb00000)]
  0x000001991e832930 JavaThread "Driver Service Executor" daemon [_thread_blocked, id=11956, stack(0x0000003b0eb00000,0x0000003b0ec00000)]
  0x000001991e831a00 JavaThread "Driver Service Executor" daemon [_thread_in_native, id=16304, stack(0x0000003b0ec00000,0x0000003b0ed00000)]
  0x000001991e831f10 JavaThread "UrlChecker-2" daemon [_thread_blocked, id=41260, stack(0x0000003b0ed00000,0x0000003b0ee00000)]
  0x000001991e830ad0 JavaThread "Keep-Alive-Timer" daemon [_thread_blocked, id=40376, stack(0x0000003b0ef00000,0x0000003b0f000000)]
  0x000001991e832e40 JavaThread "pool-1-thread-1" [_thread_in_vm, id=35852, stack(0x0000003b0f800000,0x0000003b0f900000)]
  0x000001996483d990 JavaThread "pool-1-thread-2" [_thread_blocked, id=35564, stack(0x0000003b0f900000,0x0000003b0fa00000)]
  0x000001996483cf70 JavaThread "pool-1-thread-3" [_thread_blocked, id=21908, stack(0x0000003b0fa00000,0x0000003b0fb00000)]

Other Threads:
  0x000001997f670240 VMThread "VM Thread" [stack: 0x0000003b0da00000,0x0000003b0db00000] [id=32832]
  0x000001997b088480 WatcherThread [stack: 0x0000003b0e500000,0x0000003b0e600000] [id=33580]
  0x000001997b067fc0 GCTaskThread "GC Thread#0" [stack: 0x0000003b0d500000,0x0000003b0d600000] [id=34464]
  0x00000199646857e0 GCTaskThread "GC Thread#1" [stack: 0x0000003b0f000000,0x0000003b0f100000] [id=40816]
  0x0000019964707990 GCTaskThread "GC Thread#2" [stack: 0x0000003b0f100000,0x0000003b0f200000] [id=33296]
  0x0000019964707c50 GCTaskThread "GC Thread#3" [stack: 0x0000003b0f200000,0x0000003b0f300000] [id=16892]
  0x0000019964707f10 GCTaskThread "GC Thread#4" [stack: 0x0000003b0f300000,0x0000003b0f400000] [id=39040]
  0x00000199647081d0 GCTaskThread "GC Thread#5" [stack: 0x0000003b0f400000,0x0000003b0f500000] [id=14800]
  0x00000199645aeca0 GCTaskThread "GC Thread#6" [stack: 0x0000003b0f500000,0x0000003b0f600000] [id=30612]
  0x0000019964688950 GCTaskThread "GC Thread#7" [stack: 0x0000003b0f600000,0x0000003b0f700000] [id=21832]
  0x000001997b0794a0 ConcurrentGCThread "G1 Main Marker" [stack: 0x0000003b0d600000,0x0000003b0d700000] [id=35316]
  0x000001997b07add0 ConcurrentGCThread "G1 Conc#0" [stack: 0x0000003b0d700000,0x0000003b0d800000] [id=40276]
  0x000001997b0cd970 ConcurrentGCThread "G1 Refine#0" [stack: 0x0000003b0d800000,0x0000003b0d900000] [id=11316]
  0x00000199646bd0d0 ConcurrentGCThread "G1 Refine#1" [stack: 0x0000003b0f700000,0x0000003b0f800000] [id=41488]
  0x000001997b0ce2b0 ConcurrentGCThread "G1 Service" [stack: 0x0000003b0d900000,0x0000003b0da00000] [id=37104]

Threads with active compile tasks:
C1 CompilerThread0     1388 1477       3       java.lang.reflect.Constructor::acquireConstructorAccessor (44 bytes)
C2 CompilerThread1     1388 1438 % !   4       java.util.concurrent.ConcurrentHashMap::transfer @ 372 (849 bytes)

VM state: not at safepoint (normal execution)

VM Mutex/Monitor currently owned by a thread:  ([mutex/lock_event])
[0x000001997affcb40] Metaspace_lock - owner thread: 0x000001991e832e40
[0x000001997affc900] MethodData_lock - owner thread: 0x000001997f69b2e0

Heap address: 0x0000000701e00000, size: 4066 MB, Compressed Oops mode: Zero based, Oop shift amount: 3

CDS archive(s) mapped at: [0x000001991f000000-0x000001991fbd0000-0x000001991fbd0000), size 12386304, SharedBaseAddress: 0x000001991f000000, ArchiveRelocationMode: 1.
Compressed class space mapped at: 0x0000019920000000-0x0000019960000000, reserved size: 1073741824
Narrow klass base: 0x000001991f000000, Narrow klass shift: 0, Narrow klass range: 0x100000000

GC Precious Log:
 CPUs: 8 total, 8 available
 Memory: 16263M
 Large Page Support: Disabled
 NUMA Support: Disabled
 Compressed Oops: Enabled (Zero based)
 Heap Region Size: 2M
 Heap Min Capacity: 8M
 Heap Initial Capacity: 256M
 Heap Max Capacity: 4066M
 Pre-touch: Disabled
 Parallel Workers: 8
 Concurrent Workers: 2
 Concurrent Refinement Workers: 8
 Periodic GC: Disabled

Heap:
 garbage-first heap   total 262144K, used 11527K [0x0000000701e00000, 0x0000000800000000)
  region size 2048K, 6 young (12288K), 2 survivors (4096K)
 Metaspace       used 11029K, committed 11264K, reserved 1114112K
  class space    used 1335K, committed 1472K, reserved 1048576K

Heap Regions: E=young(eden), S=young(survivor), O=old, HS=humongous(starts), HC=humongous(continues), CS=collection set, F=free, OA=open archive, CA=closed archive, TAMS=top-at-mark-start (previous, next)
|   0|0x0000000701e00000, 0x0000000701f41c00, 0x0000000702000000| 62%| O|  |TAMS 0x0000000701e00000, 0x0000000701e00000| Untracked 
|   1|0x0000000702000000, 0x0000000702000000, 0x0000000702200000|  0%| F|  |TAMS 0x0000000702000000, 0x0000000702000000| Untracked 
|   2|0x0000000702200000, 0x0000000702200000, 0x0000000702400000|  0%| F|  |TAMS 0x0000000702200000, 0x0000000702200000| Untracked 
|   3|0x0000000702400000, 0x0000000702400000, 0x0000000702600000|  0%| F|  |TAMS 0x0000000702400000, 0x0000000702400000| Untracked 
|   4|0x0000000702600000, 0x0000000702600000, 0x0000000702800000|  0%| F|  |TAMS 0x0000000702600000, 0x0000000702600000| Untracked 
|   5|0x0000000702800000, 0x0000000702800000, 0x0000000702a00000|  0%| F|  |TAMS 0x0000000702800000, 0x0000000702800000| Untracked 
|   6|0x0000000702a00000, 0x0000000702a00000, 0x0000000702c00000|  0%| F|  |TAMS 0x0000000702a00000, 0x0000000702a00000| Untracked 
|   7|0x0000000702c00000, 0x0000000702c00000, 0x0000000702e00000|  0%| F|  |TAMS 0x0000000702c00000, 0x0000000702c00000| Untracked 
|   8|0x0000000702e00000, 0x0000000702e00000, 0x0000000703000000|  0%| F|  |TAMS 0x0000000702e00000, 0x0000000702e00000| Untracked 
|   9|0x0000000703000000, 0x0000000703000000, 0x0000000703200000|  0%| F|  |TAMS 0x0000000703000000, 0x0000000703000000| Untracked 
|  10|0x0000000703200000, 0x0000000703200000, 0x0000000703400000|  0%| F|  |TAMS 0x0000000703200000, 0x0000000703200000| Untracked 
|  11|0x0000000703400000, 0x0000000703400000, 0x0000000703600000|  0%| F|  |TAMS 0x0000000703400000, 0x0000000703400000| Untracked 
|  12|0x0000000703600000, 0x0000000703600000, 0x0000000703800000|  0%| F|  |TAMS 0x0000000703600000, 0x0000000703600000| Untracked 
|  13|0x0000000703800000, 0x0000000703800000, 0x0000000703a00000|  0%| F|  |TAMS 0x0000000703800000, 0x0000000703800000| Untracked 
|  14|0x0000000703a00000, 0x0000000703a00000, 0x0000000703c00000|  0%| F|  |TAMS 0x0000000703a00000, 0x0000000703a00000| Untracked 
|  15|0x0000000703c00000, 0x0000000703c00000, 0x0000000703e00000|  0%| F|  |TAMS 0x0000000703c00000, 0x0000000703c00000| Untracked 
|  16|0x0000000703e00000, 0x0000000703e00000, 0x0000000704000000|  0%| F|  |TAMS 0x0000000703e00000, 0x0000000703e00000| Untracked 
|  17|0x0000000704000000, 0x0000000704000000, 0x0000000704200000|  0%| F|  |TAMS 0x0000000704000000, 0x0000000704000000| Untracked 
|  18|0x0000000704200000, 0x0000000704200000, 0x0000000704400000|  0%| F|  |TAMS 0x0000000704200000, 0x0000000704200000| Untracked 
|  19|0x0000000704400000, 0x0000000704400000, 0x0000000704600000|  0%| F|  |TAMS 0x0000000704400000, 0x0000000704400000| Untracked 
|  20|0x0000000704600000, 0x0000000704600000, 0x0000000704800000|  0%| F|  |TAMS 0x0000000704600000, 0x0000000704600000| Untracked 
|  21|0x0000000704800000, 0x0000000704800000, 0x0000000704a00000|  0%| F|  |TAMS 0x0000000704800000, 0x0000000704800000| Untracked 
|  22|0x0000000704a00000, 0x0000000704a00000, 0x0000000704c00000|  0%| F|  |TAMS 0x0000000704a00000, 0x0000000704a00000| Untracked 
|  23|0x0000000704c00000, 0x0000000704c00000, 0x0000000704e00000|  0%| F|  |TAMS 0x0000000704c00000, 0x0000000704c00000| Untracked 
|  24|0x0000000704e00000, 0x0000000704e00000, 0x0000000705000000|  0%| F|  |TAMS 0x0000000704e00000, 0x0000000704e00000| Untracked 
|  25|0x0000000705000000, 0x0000000705000000, 0x0000000705200000|  0%| F|  |TAMS 0x0000000705000000, 0x0000000705000000| Untracked 
|  26|0x0000000705200000, 0x0000000705200000, 0x0000000705400000|  0%| F|  |TAMS 0x0000000705200000, 0x0000000705200000| Untracked 
|  27|0x0000000705400000, 0x0000000705400000, 0x0000000705600000|  0%| F|  |TAMS 0x0000000705400000, 0x0000000705400000| Untracked 
|  28|0x0000000705600000, 0x0000000705600000, 0x0000000705800000|  0%| F|  |TAMS 0x0000000705600000, 0x0000000705600000| Untracked 
|  29|0x0000000705800000, 0x0000000705800000, 0x0000000705a00000|  0%| F|  |TAMS 0x0000000705800000, 0x0000000705800000| Untracked 
|  30|0x0000000705a00000, 0x0000000705a00000, 0x0000000705c00000|  0%| F|  |TAMS 0x0000000705a00000, 0x0000000705a00000| Untracked 
|  31|0x0000000705c00000, 0x0000000705c00000, 0x0000000705e00000|  0%| F|  |TAMS 0x0000000705c00000, 0x0000000705c00000| Untracked 
|  32|0x0000000705e00000, 0x0000000705e00000, 0x0000000706000000|  0%| F|  |TAMS 0x0000000705e00000, 0x0000000705e00000| Untracked 
|  33|0x0000000706000000, 0x0000000706000000, 0x0000000706200000|  0%| F|  |TAMS 0x0000000706000000, 0x0000000706000000| Untracked 
|  34|0x0000000706200000, 0x0000000706200000, 0x0000000706400000|  0%| F|  |TAMS 0x0000000706200000, 0x0000000706200000| Untracked 
|  35|0x0000000706400000, 0x0000000706400000, 0x0000000706600000|  0%| F|  |TAMS 0x0000000706400000, 0x0000000706400000| Untracked 
|  36|0x0000000706600000, 0x0000000706600000, 0x0000000706800000|  0%| F|  |TAMS 0x0000000706600000, 0x0000000706600000| Untracked 
|  37|0x0000000706800000, 0x0000000706800000, 0x0000000706a00000|  0%| F|  |TAMS 0x0000000706800000, 0x0000000706800000| Untracked 
|  38|0x0000000706a00000, 0x0000000706a00000, 0x0000000706c00000|  0%| F|  |TAMS 0x0000000706a00000, 0x0000000706a00000| Untracked 
|  39|0x0000000706c00000, 0x0000000706c00000, 0x0000000706e00000|  0%| F|  |TAMS 0x0000000706c00000, 0x0000000706c00000| Untracked 
|  40|0x0000000706e00000, 0x0000000706e00000, 0x0000000707000000|  0%| F|  |TAMS 0x0000000706e00000, 0x0000000706e00000| Untracked 
|  41|0x0000000707000000, 0x0000000707000000, 0x0000000707200000|  0%| F|  |TAMS 0x0000000707000000, 0x0000000707000000| Untracked 
|  42|0x0000000707200000, 0x0000000707200000, 0x0000000707400000|  0%| F|  |TAMS 0x0000000707200000, 0x0000000707200000| Untracked 
|  43|0x0000000707400000, 0x0000000707400000, 0x0000000707600000|  0%| F|  |TAMS 0x0000000707400000, 0x0000000707400000| Untracked 
|  44|0x0000000707600000, 0x0000000707600000, 0x0000000707800000|  0%| F|  |TAMS 0x0000000707600000, 0x0000000707600000| Untracked 
|  45|0x0000000707800000, 0x0000000707800000, 0x0000000707a00000|  0%| F|  |TAMS 0x0000000707800000, 0x0000000707800000| Untracked 
|  46|0x0000000707a00000, 0x0000000707a00000, 0x0000000707c00000|  0%| F|  |TAMS 0x0000000707a00000, 0x0000000707a00000| Untracked 
|  47|0x0000000707c00000, 0x0000000707c00000, 0x0000000707e00000|  0%| F|  |TAMS 0x0000000707c00000, 0x0000000707c00000| Untracked 
|  48|0x0000000707e00000, 0x0000000707e00000, 0x0000000708000000|  0%| F|  |TAMS 0x0000000707e00000, 0x0000000707e00000| Untracked 
|  49|0x0000000708000000, 0x0000000708000000, 0x0000000708200000|  0%| F|  |TAMS 0x0000000708000000, 0x0000000708000000| Untracked 
|  50|0x0000000708200000, 0x0000000708200000, 0x0000000708400000|  0%| F|  |TAMS 0x0000000708200000, 0x0000000708200000| Untracked 
|  51|0x0000000708400000, 0x0000000708400000, 0x0000000708600000|  0%| F|  |TAMS 0x0000000708400000, 0x0000000708400000| Untracked 
|  52|0x0000000708600000, 0x0000000708600000, 0x0000000708800000|  0%| F|  |TAMS 0x0000000708600000, 0x0000000708600000| Untracked 
|  53|0x0000000708800000, 0x0000000708800000, 0x0000000708a00000|  0%| F|  |TAMS 0x0000000708800000, 0x0000000708800000| Untracked 
|  54|0x0000000708a00000, 0x0000000708a00000, 0x0000000708c00000|  0%| F|  |TAMS 0x0000000708a00000, 0x0000000708a00000| Untracked 
|  55|0x0000000708c00000, 0x0000000708c00000, 0x0000000708e00000|  0%| F|  |TAMS 0x0000000708c00000, 0x0000000708c00000| Untracked 
|  56|0x0000000708e00000, 0x0000000708e00000, 0x0000000709000000|  0%| F|  |TAMS 0x0000000708e00000, 0x0000000708e00000| Untracked 
|  57|0x0000000709000000, 0x0000000709000000, 0x0000000709200000|  0%| F|  |TAMS 0x0000000709000000, 0x0000000709000000| Untracked 
|  58|0x0000000709200000, 0x0000000709200000, 0x0000000709400000|  0%| F|  |TAMS 0x0000000709200000, 0x0000000709200000| Untracked 
|  59|0x0000000709400000, 0x0000000709400000, 0x0000000709600000|  0%| F|  |TAMS 0x0000000709400000, 0x0000000709400000| Untracked 
|  60|0x0000000709600000, 0x0000000709600000, 0x0000000709800000|  0%| F|  |TAMS 0x0000000709600000, 0x0000000709600000| Untracked 
|  61|0x0000000709800000, 0x0000000709800000, 0x0000000709a00000|  0%| F|  |TAMS 0x0000000709800000, 0x0000000709800000| Untracked 
|  62|0x0000000709a00000, 0x0000000709a00000, 0x0000000709c00000|  0%| F|  |TAMS 0x0000000709a00000, 0x0000000709a00000| Untracked 
|  63|0x0000000709c00000, 0x0000000709c00000, 0x0000000709e00000|  0%| F|  |TAMS 0x0000000709c00000, 0x0000000709c00000| Untracked 
|  64|0x0000000709e00000, 0x0000000709e00000, 0x000000070a000000|  0%| F|  |TAMS 0x0000000709e00000, 0x0000000709e00000| Untracked 
|  65|0x000000070a000000, 0x000000070a000000, 0x000000070a200000|  0%| F|  |TAMS 0x000000070a000000, 0x000000070a000000| Untracked 
|  66|0x000000070a200000, 0x000000070a200000, 0x000000070a400000|  0%| F|  |TAMS 0x000000070a200000, 0x000000070a200000| Untracked 
|  67|0x000000070a400000, 0x000000070a400000, 0x000000070a600000|  0%| F|  |TAMS 0x000000070a400000, 0x000000070a400000| Untracked 
|  68|0x000000070a600000, 0x000000070a600000, 0x000000070a800000|  0%| F|  |TAMS 0x000000070a600000, 0x000000070a600000| Untracked 
|  69|0x000000070a800000, 0x000000070a800000, 0x000000070aa00000|  0%| F|  |TAMS 0x000000070a800000, 0x000000070a800000| Untracked 
|  70|0x000000070aa00000, 0x000000070aa00000, 0x000000070ac00000|  0%| F|  |TAMS 0x000000070aa00000, 0x000000070aa00000| Untracked 
|  71|0x000000070ac00000, 0x000000070ac00000, 0x000000070ae00000|  0%| F|  |TAMS 0x000000070ac00000, 0x000000070ac00000| Untracked 
|  72|0x000000070ae00000, 0x000000070ae00000, 0x000000070b000000|  0%| F|  |TAMS 0x000000070ae00000, 0x000000070ae00000| Untracked 
|  73|0x000000070b000000, 0x000000070b000000, 0x000000070b200000|  0%| F|  |TAMS 0x000000070b000000, 0x000000070b000000| Untracked 
|  74|0x000000070b200000, 0x000000070b200000, 0x000000070b400000|  0%| F|  |TAMS 0x000000070b200000, 0x000000070b200000| Untracked 
|  75|0x000000070b400000, 0x000000070b400000, 0x000000070b600000|  0%| F|  |TAMS 0x000000070b400000, 0x000000070b400000| Untracked 
|  76|0x000000070b600000, 0x000000070b600000, 0x000000070b800000|  0%| F|  |TAMS 0x000000070b600000, 0x000000070b600000| Untracked 
|  77|0x000000070b800000, 0x000000070b800000, 0x000000070ba00000|  0%| F|  |TAMS 0x000000070b800000, 0x000000070b800000| Untracked 
|  78|0x000000070ba00000, 0x000000070ba00000, 0x000000070bc00000|  0%| F|  |TAMS 0x000000070ba00000, 0x000000070ba00000| Untracked 
|  79|0x000000070bc00000, 0x000000070bc00000, 0x000000070be00000|  0%| F|  |TAMS 0x000000070bc00000, 0x000000070bc00000| Untracked 
|  80|0x000000070be00000, 0x000000070be00000, 0x000000070c000000|  0%| F|  |TAMS 0x000000070be00000, 0x000000070be00000| Untracked 
|  81|0x000000070c000000, 0x000000070c000000, 0x000000070c200000|  0%| F|  |TAMS 0x000000070c000000, 0x000000070c000000| Untracked 
|  82|0x000000070c200000, 0x000000070c200000, 0x000000070c400000|  0%| F|  |TAMS 0x000000070c200000, 0x000000070c200000| Untracked 
|  83|0x000000070c400000, 0x000000070c400000, 0x000000070c600000|  0%| F|  |TAMS 0x000000070c400000, 0x000000070c400000| Untracked 
|  84|0x000000070c600000, 0x000000070c600000, 0x000000070c800000|  0%| F|  |TAMS 0x000000070c600000, 0x000000070c600000| Untracked 
|  85|0x000000070c800000, 0x000000070c800000, 0x000000070ca00000|  0%| F|  |TAMS 0x000000070c800000, 0x000000070c800000| Untracked 
|  86|0x000000070ca00000, 0x000000070ca00000, 0x000000070cc00000|  0%| F|  |TAMS 0x000000070ca00000, 0x000000070ca00000| Untracked 
|  87|0x000000070cc00000, 0x000000070cc00000, 0x000000070ce00000|  0%| F|  |TAMS 0x000000070cc00000, 0x000000070cc00000| Untracked 
|  88|0x000000070ce00000, 0x000000070ce00000, 0x000000070d000000|  0%| F|  |TAMS 0x000000070ce00000, 0x000000070ce00000| Untracked 
|  89|0x000000070d000000, 0x000000070d000000, 0x000000070d200000|  0%| F|  |TAMS 0x000000070d000000, 0x000000070d000000| Untracked 
|  90|0x000000070d200000, 0x000000070d200000, 0x000000070d400000|  0%| F|  |TAMS 0x000000070d200000, 0x000000070d200000| Untracked 
|  91|0x000000070d400000, 0x000000070d400000, 0x000000070d600000|  0%| F|  |TAMS 0x000000070d400000, 0x000000070d400000| Untracked 
|  92|0x000000070d600000, 0x000000070d600000, 0x000000070d800000|  0%| F|  |TAMS 0x000000070d600000, 0x000000070d600000| Untracked 
|  93|0x000000070d800000, 0x000000070d800000, 0x000000070da00000|  0%| F|  |TAMS 0x000000070d800000, 0x000000070d800000| Untracked 
|  94|0x000000070da00000, 0x000000070da00000, 0x000000070dc00000|  0%| F|  |TAMS 0x000000070da00000, 0x000000070da00000| Untracked 
|  95|0x000000070dc00000, 0x000000070dc00000, 0x000000070de00000|  0%| F|  |TAMS 0x000000070dc00000, 0x000000070dc00000| Untracked 
|  96|0x000000070de00000, 0x000000070de00000, 0x000000070e000000|  0%| F|  |TAMS 0x000000070de00000, 0x000000070de00000| Untracked 
|  97|0x000000070e000000, 0x000000070e000000, 0x000000070e200000|  0%| F|  |TAMS 0x000000070e000000, 0x000000070e000000| Untracked 
|  98|0x000000070e200000, 0x000000070e200000, 0x000000070e400000|  0%| F|  |TAMS 0x000000070e200000, 0x000000070e200000| Untracked 
|  99|0x000000070e400000, 0x000000070e400000, 0x000000070e600000|  0%| F|  |TAMS 0x000000070e400000, 0x000000070e400000| Untracked 
| 100|0x000000070e600000, 0x000000070e600000, 0x000000070e800000|  0%| F|  |TAMS 0x000000070e600000, 0x000000070e600000| Untracked 
| 101|0x000000070e800000, 0x000000070e800000, 0x000000070ea00000|  0%| F|  |TAMS 0x000000070e800000, 0x000000070e800000| Untracked 
| 102|0x000000070ea00000, 0x000000070ea00000, 0x000000070ec00000|  0%| F|  |TAMS 0x000000070ea00000, 0x000000070ea00000| Untracked 
| 103|0x000000070ec00000, 0x000000070ec00000, 0x000000070ee00000|  0%| F|  |TAMS 0x000000070ec00000, 0x000000070ec00000| Untracked 
| 104|0x000000070ee00000, 0x000000070ee00000, 0x000000070f000000|  0%| F|  |TAMS 0x000000070ee00000, 0x000000070ee00000| Untracked 
| 105|0x000000070f000000, 0x000000070f000000, 0x000000070f200000|  0%| F|  |TAMS 0x000000070f000000, 0x000000070f000000| Untracked 
| 106|0x000000070f200000, 0x000000070f200000, 0x000000070f400000|  0%| F|  |TAMS 0x000000070f200000, 0x000000070f200000| Untracked 
| 107|0x000000070f400000, 0x000000070f400000, 0x000000070f600000|  0%| F|  |TAMS 0x000000070f400000, 0x000000070f400000| Untracked 
| 108|0x000000070f600000, 0x000000070f600000, 0x000000070f800000|  0%| F|  |TAMS 0x000000070f600000, 0x000000070f600000| Untracked 
| 109|0x000000070f800000, 0x000000070f800000, 0x000000070fa00000|  0%| F|  |TAMS 0x000000070f800000, 0x000000070f800000| Untracked 
| 110|0x000000070fa00000, 0x000000070fa00000, 0x000000070fc00000|  0%| F|  |TAMS 0x000000070fa00000, 0x000000070fa00000| Untracked 
| 111|0x000000070fc00000, 0x000000070fc00000, 0x000000070fe00000|  0%| F|  |TAMS 0x000000070fc00000, 0x000000070fc00000| Untracked 
| 112|0x000000070fe00000, 0x000000070fe00000, 0x0000000710000000|  0%| F|  |TAMS 0x000000070fe00000, 0x000000070fe00000| Untracked 
| 113|0x0000000710000000, 0x0000000710000000, 0x0000000710200000|  0%| F|  |TAMS 0x0000000710000000, 0x0000000710000000| Untracked 
| 114|0x0000000710200000, 0x0000000710200000, 0x0000000710400000|  0%| F|  |TAMS 0x0000000710200000, 0x0000000710200000| Untracked 
| 115|0x0000000710400000, 0x0000000710600000, 0x0000000710600000|100%| S|CS|TAMS 0x0000000710400000, 0x0000000710400000| Complete 
| 116|0x0000000710600000, 0x0000000710800000, 0x0000000710800000|100%| S|CS|TAMS 0x0000000710600000, 0x0000000710600000| Complete 
| 117|0x0000000710800000, 0x0000000710800000, 0x0000000710a00000|  0%| F|  |TAMS 0x0000000710800000, 0x0000000710800000| Untracked 
| 118|0x0000000710a00000, 0x0000000710a00000, 0x0000000710c00000|  0%| F|  |TAMS 0x0000000710a00000, 0x0000000710a00000| Untracked 
| 119|0x0000000710c00000, 0x0000000710c00000, 0x0000000710e00000|  0%| F|  |TAMS 0x0000000710c00000, 0x0000000710c00000| Untracked 
| 120|0x0000000710e00000, 0x0000000710e00000, 0x0000000711000000|  0%| F|  |TAMS 0x0000000710e00000, 0x0000000710e00000| Untracked 
| 121|0x0000000711000000, 0x0000000711000000, 0x0000000711200000|  0%| F|  |TAMS 0x0000000711000000, 0x0000000711000000| Untracked 
| 122|0x0000000711200000, 0x0000000711200000, 0x0000000711400000|  0%| F|  |TAMS 0x0000000711200000, 0x0000000711200000| Untracked 
| 123|0x0000000711400000, 0x0000000711400000, 0x0000000711600000|  0%| F|  |TAMS 0x0000000711400000, 0x0000000711400000| Untracked 
| 124|0x0000000711600000, 0x0000000711619168, 0x0000000711800000|  4%| E|  |TAMS 0x0000000711600000, 0x0000000711600000| Complete 
| 125|0x0000000711800000, 0x0000000711a00000, 0x0000000711a00000|100%| E|CS|TAMS 0x0000000711800000, 0x0000000711800000| Complete 
| 126|0x0000000711a00000, 0x0000000711c00000, 0x0000000711c00000|100%| E|CS|TAMS 0x0000000711a00000, 0x0000000711a00000| Complete 
| 127|0x0000000711c00000, 0x0000000711e00000, 0x0000000711e00000|100%| E|CS|TAMS 0x0000000711c00000, 0x0000000711c00000| Complete 

Card table byte_map: [0x000001997bc00000,0x000001997c400000] _byte_map_base: 0x00000199783f1000

Marking Bits (Prev, Next): (CMBitMap*) 0x000001997b0684f0, (CMBitMap*) 0x000001997b068530
 Prev Bits: [0x00000199167d0000, 0x000001991a758000)
 Next Bits: [0x000001991a760000, 0x000001991e6e8000)

Polling page: 0x0000019978f80000

Metaspace:

Usage:
  Non-class:      9.47 MB used.
      Class:      1.30 MB used.
       Both:     10.77 MB used.

Virtual space:
  Non-class space:       64.00 MB reserved,       9.56 MB ( 15%) committed,  1 nodes.
      Class space:        1.00 GB reserved,       1.44 MB ( <1%) committed,  1 nodes.
             Both:        1.06 GB reserved,      11.00 MB (  1%) committed. 

Chunk freelists:
   Non-Class:  6.22 MB
       Class:  14.41 MB
        Both:  20.63 MB

MaxMetaspaceSize: unlimited
CompressedClassSpaceSize: 1.00 GB
Initial GC threshold: 21.00 MB
Current GC threshold: 21.00 MB
CDS: on
MetaspaceReclaimPolicy: balanced
 - commit_granule_bytes: 65536.
 - commit_granule_words: 8192.
 - virtual_space_node_default_size: 8388608.
 - enlarge_chunks_in_place: 1.
 - new_chunks_are_fully_committed: 0.
 - uncommit_free_chunks: 1.
 - use_allocation_guard: 0.
 - handle_deallocations: 1.


Internal statistics:

num_allocs_failed_limit: 0.
num_arena_births: 190.
num_arena_deaths: 0.
num_vsnodes_births: 2.
num_vsnodes_deaths: 0.
num_space_committed: 176.
num_space_uncommitted: 0.
num_chunks_returned_to_freelist: 0.
num_chunks_taken_from_freelist: 423.
num_chunk_merges: 0.
num_chunk_splits: 258.
num_chunks_enlarged: 170.
num_inconsistent_stats: 0.

CodeHeap 'non-profiled nmethods': size=120000Kb used=518Kb max_used=518Kb free=119481Kb
 bounds [0x000001990f2a0000, 0x000001990f510000, 0x00000199167d0000]
CodeHeap 'profiled nmethods': size=120000Kb used=2676Kb max_used=2676Kb free=117324Kb
 bounds [0x00000199077d0000, 0x0000019907a70000, 0x000001990ed00000]
CodeHeap 'non-nmethods': size=5760Kb used=1193Kb max_used=1215Kb free=4566Kb
 bounds [0x000001990ed00000, 0x000001990ef70000, 0x000001990f2a0000]
 total_blobs=1968 nmethods=1475 adapters=406
 compilation: enabled
              stopped_count=0, restarted_count=0
 full_count=0

Compilation events (20 events):
Event: 1.288 Thread 0x000001991eac6990 1436       4       jdk.internal.misc.Unsafe::allocateUninitializedArray0 (90 bytes)
Event: 1.289 Thread 0x000001991eac6990 nmethod 1436 0x000001990f31e910 code [0x000001990f31eaa0, 0x000001990f31ec78]
Event: 1.290 Thread 0x000001997f69b2e0 1437       3       java.lang.Class::newReflectionData (66 bytes)
Event: 1.291 Thread 0x000001997f69b2e0 nmethod 1437 0x0000019907a50290 code [0x0000019907a504a0, 0x0000019907a50db8]
Event: 1.291 Thread 0x000001991eac6990 1438 % !   4       java.util.concurrent.ConcurrentHashMap::transfer @ 372 (849 bytes)
Event: 1.292 Thread 0x000001997f69b2e0 1439   !   3       java.lang.invoke.MethodHandleNatives::linkMethodHandleConstant (50 bytes)
Event: 1.293 Thread 0x000001997f69b2e0 nmethod 1439 0x0000019907a51090 code [0x0000019907a51260, 0x0000019907a51448]
Event: 1.293 Thread 0x000001997f69b2e0 1440       3       java.lang.invoke.MethodHandles$Lookup::linkMethodHandleConstant (223 bytes)
Event: 1.295 Thread 0x000001997f69b2e0 nmethod 1440 0x0000019907a51610 code [0x0000019907a519e0, 0x0000019907a532c8]
Event: 1.297 Thread 0x000001997f69a920 nmethod 1426 0x000001990f31ed90 code [0x000001990f31ef40, 0x000001990f31fba8]
Event: 1.297 Thread 0x000001997f69b2e0 1442       3       java.util.ImmutableCollections$Set12::contains (28 bytes)
Event: 1.297 Thread 0x000001997f69a920 1441       4       jdk.internal.misc.Unsafe::allocateUninitializedArray (55 bytes)
Event: 1.297 Thread 0x000001997f69b2e0 nmethod 1442 0x0000019907a53a90 code [0x0000019907a53c40, 0x0000019907a53f98]
Event: 1.299 Thread 0x000001997f69a920 nmethod 1441 0x000001990f320110 code [0x000001990f3202a0, 0x000001990f320458]
Event: 1.300 Thread 0x000001997f69b2e0 1443       3       java.lang.Module::isStaticallyExportedOrOpen (70 bytes)
Event: 1.300 Thread 0x000001997f69b2e0 nmethod 1443 0x0000019907a54090 code [0x0000019907a542a0, 0x0000019907a54998]
Event: 1.300 Thread 0x000001997f69b2e0 1444       3       jdk.internal.org.objectweb.asm.ClassVisitor::<init> (88 bytes)
Event: 1.301 Thread 0x000001997f69b2e0 nmethod 1444 0x0000019907a54b10 code [0x0000019907a54d60, 0x0000019907a55648]
Event: 1.301 Thread 0x000001997f69b2e0 1445       3       jdk.internal.org.objectweb.asm.SymbolTable::<init> (41 bytes)
Event: 1.302 Thread 0x000001997f69b2e0 nmethod 1445 0x0000019907a55910 code [0x0000019907a55ae0, 0x0000019907a56078]

GC Heap History (2 events):
Event: 1.115 GC heap before
{Heap before GC invocations=0 (full 0):
 garbage-first heap   total 262144K, used 22528K [0x0000000701e00000, 0x0000000800000000)
  region size 2048K, 11 young (22528K), 0 survivors (0K)
 Metaspace       used 8908K, committed 9024K, reserved 1114112K
  class space    used 1050K, committed 1088K, reserved 1048576K
}
Event: 1.121 GC heap after
{Heap after GC invocations=1 (full 0):
 garbage-first heap   total 262144K, used 5383K [0x0000000701e00000, 0x0000000800000000)
  region size 2048K, 2 young (4096K), 2 survivors (4096K)
 Metaspace       used 8908K, committed 9024K, reserved 1114112K
  class space    used 1050K, committed 1088K, reserved 1048576K
}

Deoptimization events (20 events):
Event: 1.176 Thread 0x0000019978eec200 DEOPT PACKING pc=0x0000019907813bfe sp=0x0000003b0d4fd2e0
Event: 1.176 Thread 0x0000019978eec200 DEOPT UNPACKING pc=0x000001990ed52b43 sp=0x0000003b0d4fc750 mode 0
Event: 1.230 Thread 0x0000019978eec200 DEOPT PACKING pc=0x00000199077f893e sp=0x0000003b0d4fa5d0
Event: 1.230 Thread 0x0000019978eec200 DEOPT UNPACKING pc=0x000001990ed52b43 sp=0x0000003b0d4f9a48 mode 0
Event: 1.276 Thread 0x000001991e832e40 Uncommon trap: trap_request=0xffffffde fr.pc=0x000001990f31cfc8 relative=0x0000000000000128
Event: 1.276 Thread 0x000001991e832e40 Uncommon trap: reason=class_check action=maybe_recompile pc=0x000001990f31cfc8 method=jdk.internal.misc.Unsafe.allocateUninitializedArray(Ljava/lang/Class;I)Ljava/lang/Object; @ 51 c2
Event: 1.276 Thread 0x000001991e832e40 DEOPT PACKING pc=0x000001990f31cfc8 sp=0x0000003b0f8fd1f0
Event: 1.276 Thread 0x000001991e832e40 DEOPT UNPACKING pc=0x000001990ed523a3 sp=0x0000003b0f8fd178 mode 2
Event: 1.277 Thread 0x000001991e832e40 Uncommon trap: trap_request=0xffffffde fr.pc=0x000001990f31cfc8 relative=0x0000000000000128
Event: 1.277 Thread 0x000001991e832e40 Uncommon trap: reason=class_check action=maybe_recompile pc=0x000001990f31cfc8 method=jdk.internal.misc.Unsafe.allocateUninitializedArray(Ljava/lang/Class;I)Ljava/lang/Object; @ 51 c2
Event: 1.277 Thread 0x000001991e832e40 DEOPT PACKING pc=0x000001990f31cfc8 sp=0x0000003b0f8fd1d0
Event: 1.277 Thread 0x000001991e832e40 DEOPT UNPACKING pc=0x000001990ed523a3 sp=0x0000003b0f8fd158 mode 2
Event: 1.278 Thread 0x000001991e832e40 Uncommon trap: trap_request=0xffffffde fr.pc=0x000001990f31cfc8 relative=0x0000000000000128
Event: 1.278 Thread 0x000001991e832e40 Uncommon trap: reason=class_check action=maybe_recompile pc=0x000001990f31cfc8 method=jdk.internal.misc.Unsafe.allocateUninitializedArray(Ljava/lang/Class;I)Ljava/lang/Object; @ 51 c2
Event: 1.278 Thread 0x000001991e832e40 DEOPT PACKING pc=0x000001990f31cfc8 sp=0x0000003b0f8fd1c0
Event: 1.278 Thread 0x000001991e832e40 DEOPT UNPACKING pc=0x000001990ed523a3 sp=0x0000003b0f8fd148 mode 2
Event: 1.279 Thread 0x000001991e832e40 Uncommon trap: trap_request=0xffffffde fr.pc=0x000001990f31cfc8 relative=0x0000000000000128
Event: 1.279 Thread 0x000001991e832e40 Uncommon trap: reason=class_check action=maybe_recompile pc=0x000001990f31cfc8 method=jdk.internal.misc.Unsafe.allocateUninitializedArray(Ljava/lang/Class;I)Ljava/lang/Object; @ 51 c2
Event: 1.279 Thread 0x000001991e832e40 DEOPT PACKING pc=0x000001990f31cfc8 sp=0x0000003b0f8fd170
Event: 1.279 Thread 0x000001991e832e40 DEOPT UNPACKING pc=0x000001990ed523a3 sp=0x0000003b0f8fd0f8 mode 2

Classes unloaded (0 events):
No events

Classes redefined (0 events):
No events

Internal exceptions (20 events):
Event: 0.964 Thread 0x0000019978eec200 Exception <a 'java/lang/NoSuchMethodError'{0x0000000710aa66e0}: 'java.lang.Object java.lang.invoke.DirectMethodHandle$Holder.invokeStaticInit(java.lang.Object, java.lang.Object, long, java.lang.Object)'> (0x0000000710aa66e0) 
thrown [s\open\src\hotspot\share\interpreter\linkResolver.cpp, line 759]
Event: 0.965 Thread 0x0000019978eec200 Exception <a 'java/lang/NoSuchMethodError'{0x0000000710aaca10}: 'java.lang.Object java.lang.invoke.DirectMethodHandle$Holder.newInvokeSpecial(java.lang.Object, java.lang.Object, long)'> (0x0000000710aaca10) 
thrown [s\open\src\hotspot\share\interpreter\linkResolver.cpp, line 759]
Event: 0.965 Thread 0x0000019978eec200 Exception <a 'java/lang/NoSuchMethodError'{0x0000000710ab0580}: 'java.lang.Object java.lang.invoke.Invokers$Holder.linkToTargetMethod(java.lang.Object, long, java.lang.Object)'> (0x0000000710ab0580) 
thrown [s\open\src\hotspot\share\interpreter\linkResolver.cpp, line 759]
Event: 0.990 Thread 0x000001991e831f10 Exception <a 'java/net/ConnectException'{0x0000000710808750}: Connection refused: no further information> (0x0000000710808750) 
thrown [s\open\src\hotspot\share\prims\jni.cpp, line 535]
Event: 0.990 Thread 0x000001991e831f10 Exception <a 'java/net/SocketException'{0x0000000710808a88}: Socket is not connected: shutdown> (0x0000000710808a88) 
thrown [s\open\src\hotspot\share\prims\jni.cpp, line 535]
Event: 1.014 Thread 0x000001991e831f10 Exception <a 'java/net/ConnectException'{0x0000000710809a80}: Connection refused: no further information> (0x0000000710809a80) 
thrown [s\open\src\hotspot\share\prims\jni.cpp, line 535]
Event: 1.014 Thread 0x000001991e831f10 Exception <a 'java/net/SocketException'{0x0000000710809db8}: Socket is not connected: shutdown> (0x0000000710809db8) 
thrown [s\open\src\hotspot\share\prims\jni.cpp, line 535]
Event: 1.066 Thread 0x0000019978eec200 Exception <a 'java/lang/NoSuchMethodError'{0x00000007108c51f8}: 'int java.lang.invoke.DirectMethodHandle$Holder.invokeVirtual(java.lang.Object, java.lang.Object)'> (0x00000007108c51f8) 
thrown [s\open\src\hotspot\share\interpreter\linkResolver.cpp, line 759]
Event: 1.068 Thread 0x0000019978eec200 Exception <a 'java/lang/NoSuchMethodError'{0x00000007108cb718}: 'double java.lang.invoke.DirectMethodHandle$Holder.invokeVirtual(java.lang.Object, java.lang.Object)'> (0x00000007108cb718) 
thrown [s\open\src\hotspot\share\interpreter\linkResolver.cpp, line 759]
Event: 1.068 Thread 0x0000019978eec200 Exception <a 'java/lang/NoSuchMethodError'{0x00000007108d1ec0}: 'float java.lang.invoke.DirectMethodHandle$Holder.invokeVirtual(java.lang.Object, java.lang.Object)'> (0x00000007108d1ec0) 
thrown [s\open\src\hotspot\share\interpreter\linkResolver.cpp, line 759]
Event: 1.070 Thread 0x0000019978eec200 Exception <a 'java/lang/NoSuchMethodError'{0x00000007108dade0}: 'long java.lang.invoke.DirectMethodHandle$Holder.invokeVirtual(java.lang.Object, java.lang.Object)'> (0x00000007108dade0) 
thrown [s\open\src\hotspot\share\interpreter\linkResolver.cpp, line 759]
Event: 1.077 Thread 0x0000019978eec200 Exception <a 'java/lang/NoSuchMethodError'{0x0000000710907bc0}: 'void java.lang.invoke.DirectMethodHandle$Holder.invokeStatic(java.lang.Object, java.lang.Object, java.lang.Object)'> (0x0000000710907bc0) 
thrown [s\open\src\hotspot\share\interpreter\linkResolver.cpp, line 759]
Event: 1.078 Thread 0x0000019978eec200 Exception <a 'java/lang/NoSuchMethodError'{0x000000071090e0e0}: 'java.lang.Object java.lang.invoke.DirectMethodHandle$Holder.invokeVirtual(java.lang.Object, java.lang.Object, java.lang.Object)'> (0x000000071090e0e0) 
thrown [s\open\src\hotspot\share\interpreter\linkResolver.cpp, line 759]
Event: 1.128 Thread 0x0000019978eec200 Exception <a 'java/lang/NoSuchMethodError'{0x0000000711c26418}: 'java.lang.Object java.lang.invoke.DirectMethodHandle$Holder.newInvokeSpecial(java.lang.Object, java.lang.Object, int, int)'> (0x0000000711c26418) 
thrown [s\open\src\hotspot\share\interpreter\linkResolver.cpp, line 759]
Event: 1.129 Thread 0x0000019978eec200 Exception <a 'java/lang/NoSuchMethodError'{0x0000000711c31360}: 'void java.lang.invoke.DirectMethodHandle$Holder.invokeStatic(java.lang.Object, java.lang.Object, int)'> (0x0000000711c31360) 
thrown [s\open\src\hotspot\share\interpreter\linkResolver.cpp, line 759]
Event: 1.170 Thread 0x0000019978eec200 Exception <a 'java/lang/NoSuchMethodError'{0x0000000711d80650}: 'java.lang.Object java.lang.invoke.DirectMethodHandle$Holder.newInvokeSpecial(java.lang.Object, java.lang.Object, java.lang.Object, java.lang.Object, java.lang.Object)'> (0x0000000711d80650) 
thrown [s\open\src\hotspot\share\interpreter\linkResolver.cpp, line 759]
Event: 1.239 Thread 0x0000019978eec200 Exception <a 'java/lang/NoSuchMethodError'{0x0000000711bd2ab8}: 'void java.lang.invoke.DirectMethodHandle$Holder.invokeSpecial(java.lang.Object, java.lang.Object, java.lang.Object)'> (0x0000000711bd2ab8) 
thrown [s\open\src\hotspot\share\interpreter\linkResolver.cpp, line 759]
Event: 1.241 Thread 0x0000019978eec200 Exception <a 'java/lang/NoSuchMethodError'{0x0000000711be02d0}: 'void java.lang.invoke.DirectMethodHandle$Holder.invokeStatic(java.lang.Object, java.lang.Object, java.lang.Object, java.lang.Object)'> (0x0000000711be02d0) 
thrown [s\open\src\hotspot\share\interpreter\linkResolver.cpp, line 759]
Event: 1.280 Thread 0x000001991e832e40 Exception <a 'java/lang/NoSuchMethodError'{0x00000007118f3610}: 'java.lang.Object java.lang.invoke.DirectMethodHandle$Holder.invokeSpecial(java.lang.Object, java.lang.Object, java.lang.Object, java.lang.Object, int)'> (0x00000007118f3610) 
thrown [s\open\src\hotspot\share\interpreter\linkResolver.cpp, line 759]
Event: 1.281 Thread 0x000001991e832e40 Exception <a 'java/lang/NoSuchMethodError'{0x00000007118f71d8}: 'java.lang.Object java.lang.invoke.Invokers$Holder.linkToTargetMethod(java.lang.Object, java.lang.Object, int, java.lang.Object)'> (0x00000007118f71d8) 
thrown [s\open\src\hotspot\share\interpreter\linkResolver.cpp, line 759]

VM Operations (20 events):
Event: 0.290 Executing VM operation: HandshakeAllThreads
Event: 0.290 Executing VM operation: HandshakeAllThreads done
Event: 0.374 Executing VM operation: HandshakeAllThreads
Event: 0.374 Executing VM operation: HandshakeAllThreads done
Event: 0.516 Executing VM operation: HandshakeAllThreads
Event: 0.516 Executing VM operation: HandshakeAllThreads done
Event: 0.805 Executing VM operation: HandshakeAllThreads
Event: 0.805 Executing VM operation: HandshakeAllThreads done
Event: 0.806 Executing VM operation: HandshakeAllThreads
Event: 0.806 Executing VM operation: HandshakeAllThreads done
Event: 0.870 Executing VM operation: HandshakeAllThreads
Event: 0.870 Executing VM operation: HandshakeAllThreads done
Event: 1.048 Executing VM operation: HandshakeAllThreads
Event: 1.048 Executing VM operation: HandshakeAllThreads done
Event: 1.048 Executing VM operation: Cleanup
Event: 1.048 Executing VM operation: Cleanup done
Event: 1.049 Executing VM operation: HandshakeAllThreads
Event: 1.049 Executing VM operation: HandshakeAllThreads done
Event: 1.114 Executing VM operation: G1CollectForAllocation
Event: 1.121 Executing VM operation: G1CollectForAllocation done

Events (20 events):
Event: 1.261 loading class java/net/URLPermission done
Event: 1.264 loading class java/util/concurrent/CompletableFuture$UniCompose
Event: 1.265 loading class java/util/concurrent/CompletableFuture$UniCompletion
Event: 1.265 loading class java/util/concurrent/CompletableFuture$UniCompletion done
Event: 1.265 loading class java/util/concurrent/CompletableFuture$UniCompose done
Event: 1.266 loading class java/util/concurrent/CompletableFuture$UniComposeExceptionally
Event: 1.266 loading class java/util/concurrent/CompletableFuture$UniComposeExceptionally done
Event: 1.266 Thread 0x000001991e832e40 Thread added: 0x000001991e832e40
Event: 1.267 loading class java/util/concurrent/CompletableFuture$UniWhenComplete
Event: 1.267 loading class java/util/concurrent/CompletableFuture$UniWhenComplete done
Event: 1.267 loading class java/time/Instant$1
Event: 1.267 loading class java/time/Instant$1 done
Event: 1.284 loading class java/util/concurrent/ConcurrentLinkedDeque
Event: 1.284 loading class java/util/concurrent/ConcurrentLinkedDeque done
Event: 1.284 loading class java/util/concurrent/ConcurrentLinkedDeque$Node
Event: 1.284 loading class java/util/concurrent/ConcurrentLinkedDeque$Node done
Event: 1.295 loading class sun/nio/ch/SocketChannelImpl$DefaultOptionsHolder
Event: 1.295 loading class sun/nio/ch/SocketChannelImpl$DefaultOptionsHolder done
Event: 1.307 loading class java/util/concurrent/atomic/AtomicBoolean
Event: 1.307 loading class java/util/concurrent/atomic/AtomicBoolean done


Dynamic libraries:
0x00007ff777ea0000 - 0x00007ff777eb0000 	C:\Program Files\Java\jdk-17\bin\javaw.exe
0x00007ffecc0f0000 - 0x00007ffecc2e7000 	C:\Windows\SYSTEM32\ntdll.dll
0x00007ffea7f40000 - 0x00007ffea7f59000 	C:\Program Files\Avast Software\Avast\aswhook.dll
0x00007ffeca300000 - 0x00007ffeca3bd000 	C:\Windows\System32\KERNEL32.DLL
0x00007ffec9da0000 - 0x00007ffeca096000 	C:\Windows\System32\KERNELBASE.dll
0x00007ffec9960000 - 0x00007ffec9a60000 	C:\Windows\System32\ucrtbase.dll
0x00007ffeb0ef0000 - 0x00007ffeb0f09000 	C:\Program Files\Java\jdk-17\bin\jli.dll
0x00007ffeac310000 - 0x00007ffeac32b000 	C:\Program Files\Java\jdk-17\bin\VCRUNTIME140.dll
0x00007ffecbde0000 - 0x00007ffecbe8e000 	C:\Windows\System32\ADVAPI32.dll
0x00007ffeca5c0000 - 0x00007ffeca65e000 	C:\Windows\System32\msvcrt.dll
0x00007ffeca890000 - 0x00007ffeca92c000 	C:\Windows\System32\sechost.dll
0x00007ffecb1b0000 - 0x00007ffecb2d6000 	C:\Windows\System32\RPCRT4.dll
0x00007ffecbf10000 - 0x00007ffecc0ae000 	C:\Windows\System32\USER32.dll
0x00007ffec97d0000 - 0x00007ffec97f2000 	C:\Windows\System32\win32u.dll
0x00007ffeca1d0000 - 0x00007ffeca1fc000 	C:\Windows\System32\GDI32.dll
0x00007ffeb25c0000 - 0x00007ffeb285a000 	C:\Windows\WinSxS\amd64_microsoft.windows.common-controls_6595b64144ccf1df_6.0.19041.3570_none_60bb2a3971f3e41a\COMCTL32.dll
0x00007ffec9c80000 - 0x00007ffec9d9a000 	C:\Windows\System32\gdi32full.dll
0x00007ffec98c0000 - 0x00007ffec995d000 	C:\Windows\System32\msvcp_win.dll
0x00007ffeb9fd0000 - 0x00007ffeb9fda000 	C:\Windows\SYSTEM32\VERSION.dll
0x00007ffeca200000 - 0x00007ffeca230000 	C:\Windows\System32\IMM32.DLL
0x00007ffec4c50000 - 0x00007ffec4c5c000 	C:\Program Files\Java\jdk-17\bin\vcruntime140_1.dll
0x00007ffe98140000 - 0x00007ffe981ce000 	C:\Program Files\Java\jdk-17\bin\msvcp140.dll
0x00007ffe41000000 - 0x00007ffe41be1000 	C:\Program Files\Java\jdk-17\bin\server\jvm.dll
0x00007ffeca7f0000 - 0x00007ffeca7f8000 	C:\Windows\System32\PSAPI.DLL
0x00007ffeb2b10000 - 0x00007ffeb2b37000 	C:\Windows\SYSTEM32\WINMM.dll
0x00007ffeb55d0000 - 0x00007ffeb55d9000 	C:\Windows\SYSTEM32\WSOCK32.dll
0x00007ffecb2e0000 - 0x00007ffecb34b000 	C:\Windows\System32\WS2_32.dll
0x00007ffec7fc0000 - 0x00007ffec7fd2000 	C:\Windows\SYSTEM32\kernel.appcore.dll
0x00007ffec5170000 - 0x00007ffec517a000 	C:\Program Files\Java\jdk-17\bin\jimage.dll
0x00007ffec7380000 - 0x00007ffec7564000 	C:\Windows\SYSTEM32\DBGHELP.DLL
0x00007ffeb8d60000 - 0x00007ffeb8d94000 	C:\Windows\SYSTEM32\dbgcore.DLL
0x00007ffec9830000 - 0x00007ffec98b2000 	C:\Windows\System32\bcryptPrimitives.dll
0x00007ffec2150000 - 0x00007ffec2175000 	C:\Program Files\Java\jdk-17\bin\java.dll
0x00007ffeb1ca0000 - 0x00007ffeb1d77000 	C:\Program Files\Java\jdk-17\bin\jsvml.dll
0x00007ffecb3b0000 - 0x00007ffecbaf4000 	C:\Windows\System32\SHELL32.dll
0x00007ffec7810000 - 0x00007ffec7fab000 	C:\Windows\SYSTEM32\windows.storage.dll
0x00007ffeca930000 - 0x00007ffecac84000 	C:\Windows\System32\combase.dll
0x00007ffec9130000 - 0x00007ffec915d000 	C:\Windows\SYSTEM32\Wldp.dll
0x00007ffecb100000 - 0x00007ffecb1ad000 	C:\Windows\System32\SHCORE.dll
0x00007ffeca770000 - 0x00007ffeca7c5000 	C:\Windows\System32\shlwapi.dll
0x00007ffec9700000 - 0x00007ffec9725000 	C:\Windows\SYSTEM32\profapi.dll
0x00007ffeb1c80000 - 0x00007ffeb1c99000 	C:\Program Files\Java\jdk-17\bin\net.dll
0x00007ffebdfa0000 - 0x00007ffebe0aa000 	C:\Windows\SYSTEM32\WINHTTP.dll
0x00007ffec8f10000 - 0x00007ffec8f7a000 	C:\Windows\system32\mswsock.dll
0x00007ffeb1c60000 - 0x00007ffeb1c76000 	C:\Program Files\Java\jdk-17\bin\nio.dll
0x00007ffeb1c40000 - 0x00007ffeb1c58000 	C:\Program Files\Java\jdk-17\bin\zip.dll
0x00007ffec8c10000 - 0x00007ffec8cda000 	C:\Windows\SYSTEM32\DNSAPI.dll
0x00007ffec8bd0000 - 0x00007ffec8c0b000 	C:\Windows\SYSTEM32\IPHLPAPI.DLL
0x00007ffeca7d0000 - 0x00007ffeca7d8000 	C:\Windows\System32\NSI.dll
0x00007ffebde50000 - 0x00007ffebde5a000 	C:\Windows\System32\rasadhlp.dll
0x00007ffeb9ae0000 - 0x00007ffeb9b62000 	C:\Windows\System32\fwpuclnt.dll
0x00007ffec9800000 - 0x00007ffec9827000 	C:\Windows\System32\bcrypt.dll
0x00007ffec9170000 - 0x00007ffec9188000 	C:\Windows\SYSTEM32\CRYPTSP.dll
0x00007ffec87d0000 - 0x00007ffec8804000 	C:\Windows\system32\rsaenh.dll
0x00007ffec96c0000 - 0x00007ffec96ee000 	C:\Windows\SYSTEM32\USERENV.dll
0x00007ffec90a0000 - 0x00007ffec90ac000 	C:\Windows\SYSTEM32\CRYPTBASE.dll
0x00007ffebde60000 - 0x00007ffebde77000 	C:\Windows\SYSTEM32\dhcpcsvc6.DLL
0x00007ffebde30000 - 0x00007ffebde4d000 	C:\Windows\SYSTEM32\dhcpcsvc.DLL
0x00007ffec4bf0000 - 0x00007ffec4bfe000 	C:\Program Files\Java\jdk-17\bin\sunmscapi.dll
0x00007ffec9ad0000 - 0x00007ffec9c2d000 	C:\Windows\System32\CRYPT32.dll
0x00007ffec9280000 - 0x00007ffec92a7000 	C:\Windows\SYSTEM32\ncrypt.dll
0x00007ffec9240000 - 0x00007ffec927b000 	C:\Windows\SYSTEM32\NTASN1.dll
0x00007ffe71060000 - 0x00007ffe71067000 	C:\Windows\system32\wshunix.dll

dbghelp: loaded successfully - version: 4.0.5 - missing functions: none
symbol engine: initialized successfully - sym options: 0x614 - pdb path: .;C:\Program Files\Java\jdk-17\bin;C:\Windows\SYSTEM32;C:\Program Files\Avast Software\Avast;C:\Windows\WinSxS\amd64_microsoft.windows.common-controls_6595b64144ccf1df_6.0.19041.3570_none_60bb2a3971f3e41a;C:\Program Files\Java\jdk-17\bin\server

VM Arguments:
jvm_args: -Dfile.encoding=UTF-8 -Dstdout.encoding=UTF-8 -Dstderr.encoding=UTF-8 -XX:+ShowCodeDetailsInExceptionMessages 
java_command: ballarddesigns.Ballarddesigns
java_class_path (initial): C:\Users\lenovo\eclipse-workspace\ballarddesigns\bin;C:\Users\lenovo\Downloads\selenium-java-4.14.1\selenium-api-4.14.1.jar;C:\Users\lenovo\Downloads\selenium-java-4.14.1\selenium-api-4.14.1-sources.jar;C:\Users\lenovo\Downloads\selenium-java-4.14.1\selenium-chrome-driver-4.14.1.jar;C:\Users\lenovo\Downloads\selenium-java-4.14.1\selenium-chrome-driver-4.14.1-sources.jar;C:\Users\lenovo\Downloads\selenium-java-4.14.1\selenium-chromium-driver-4.14.1.jar;C:\Users\lenovo\Downloads\selenium-java-4.14.1\selenium-chromium-driver-4.14.1-sources.jar;C:\Users\lenovo\Downloads\selenium-java-4.14.1\selenium-devtools-v85-4.14.1.jar;C:\Users\lenovo\Downloads\selenium-java-4.14.1\selenium-devtools-v85-4.14.1-sources.jar;C:\Users\lenovo\Downloads\selenium-java-4.14.1\selenium-devtools-v116-4.14.1.jar;C:\Users\lenovo\Downloads\selenium-java-4.14.1\selenium-devtools-v116-4.14.1-sources.jar;C:\Users\lenovo\Downloads\selenium-java-4.14.1\selenium-devtools-v117-4.14.1.jar;C:\Users\lenovo\Downloads\selenium-java-4.14.1\selenium-devtools-v117-4.14.1-sources.jar;C:\Users\lenovo\Downloads\selenium-java-4.14.1\selenium-devtools-v118-4.14.1.jar;C:\Users\lenovo\Downloads\selenium-java-4.14.1\selenium-devtools-v118-4.14.1-sources.jar;C:\Users\lenovo\Downloads\selenium-java-4.14.1\selenium-edge-driver-4.14.1.jar;C:\Users\lenovo\Downloads\selenium-java-4.14.1\selenium-edge-driver-4.14.1-sources.jar;C:\Users\lenovo\Downloads\selenium-java-4.14.1\selenium-firefox-driver-4.14.1.jar;C:\Users\lenovo\Downloads\selenium-java-4.14.1\selenium-firefox-driver-4.14.1-sources.jar;C:\Users\lenovo\Downloads\selenium-java-4.14.1\selenium-http-4.14.1.jar;C:\Users\lenovo\Downloads\selenium-java-4.14.1\selenium-http-4.14.1-sources.jar;C:\Users\lenovo\Downloads\selenium-java-4.14.1\selenium-ie-driver-4.14.1.jar;C:\Users\lenovo\Downloads\selenium-java-4.14.1\selenium-ie-driver-4.14.1-sources.jar;C:\Users\lenovo\Downloads\selenium-java-4.14.1\selenium-java-4.14.1.jar;C:\Users\lenovo\Downlo
Launcher Type: SUN_STANDARD

[Global flags]
     intx CICompilerCount                          = 4                                         {product} {ergonomic}
     uint ConcGCThreads                            = 2                                         {product} {ergonomic}
     uint G1ConcRefinementThreads                  = 8                                         {product} {ergonomic}
   size_t G1HeapRegionSize                         = 2097152                                   {product} {ergonomic}
    uintx GCDrainStackTargetSize                   = 64                                        {product} {ergonomic}
   size_t InitialHeapSize                          = 268435456                                 {product} {ergonomic}
   size_t MarkStackSize                            = 4194304                                   {product} {ergonomic}
   size_t MaxHeapSize                              = 4263510016                                {product} {ergonomic}
   size_t MaxNewSize                               = 2556428288                                {product} {ergonomic}
   size_t MinHeapDeltaBytes                        = 2097152                                   {product} {ergonomic}
   size_t MinHeapSize                              = 8388608                                   {product} {ergonomic}
    uintx NonNMethodCodeHeapSize                   = 5839372                                {pd product} {ergonomic}
    uintx NonProfiledCodeHeapSize                  = 122909434                              {pd product} {ergonomic}
    uintx ProfiledCodeHeapSize                     = 122909434                              {pd product} {ergonomic}
    uintx ReservedCodeCacheSize                    = 251658240                              {pd product} {ergonomic}
     bool SegmentedCodeCache                       = true                                      {product} {ergonomic}
     bool ShowCodeDetailsInExceptionMessages       = true                                   {manageable} {command line}
   size_t SoftMaxHeapSize                          = 4263510016                             {manageable} {ergonomic}
     bool UseCompressedClassPointers               = true                           {product lp64_product} {ergonomic}
     bool UseCompressedOops                        = true                           {product lp64_product} {ergonomic}
     bool UseG1GC                                  = true                                      {product} {ergonomic}
     bool UseLargePagesIndividualAllocation        = false                                  {pd product} {ergonomic}

Logging:
Log output configuration:
 #0: stdout all=warning uptime,level,tags
 #1: stderr all=off uptime,level,tags

Environment Variables:
PATH=C:/Program Files/Java/jdk-17/bin/server;C:/Program Files/Java/jdk-17/bin;C:\Program Files\Common Files\Oracle\Java\javapath;C:\Windows\system32;C:\Windows;C:\Windows\System32\Wbem;C:\Windows\System32\WindowsPowerShell\v1.0\;C:\Windows\System32\OpenSSH\;C:\Users\lenovo\.dnx\bin;C:\Program Files\Microsoft DNX\Dnvm\;C:\Program Files\Microsoft SQL Server\120\Tools\Binn\;C:\Program Files\Microsoft SQL Server\130\Tools\Binn\;C:\Program Files\dotnet\;C:\Program Files\nodejs\;C:\Users\lenovo\AppData\Roaming\Microsoft\Windows\Start Menu\Programs\Python 3.10;C:\Program Files\Git\cmd;C:\ProgramData\ComposerSetup\bin;C:\Program Files\MongoDB\Server\5.0\bin;C:\Program Files\MATLAB\R2023a\bin;C:\Program Files (x86)\Gpg4win\..\GnuPG\bin;C:\Program Files\Java\jdk-17\bin;C:\Program Files\MySQL\MySQL Shell 8.0\bin\;C:\Users\lenovo\AppData\Local\Microsoft\WindowsApps;C:\Users\lenovo\.dotnet\tools;C:\Users\lenovo\AppData\Roaming\npm;C:\Users\lenovo\AppData\Local\Programs\Microsoft VS Code\bin;C:\Users\lenovo\AppData\Local\GitHubDesktop\bin;C:\xampp\php;C:\Users\lenovo\AppData\Roaming\Composer\vendor\bin;C:\spark\spark-3.3.0-bin-hadoop2\bin;C:\hadoop\bin;;C:\Program Files\JetBrains\IntelliJ IDEA Community Edition 2022.2.2\bin;;C:\Users\lenovo\AppData\Local\Programs\Fiddler;C:\Windows\system32;
USERNAME=lenovo
OS=Windows_NT
PROCESSOR_IDENTIFIER=Intel64 Family 6 Model 142 Stepping 12, GenuineIntel



---------------  S Y S T E M  ---------------

OS:
 Windows 10 , 64 bit Build 19041 (10.0.19041.3570)
OS uptime: 2 days 1:46 hours
Hyper-V role detected

CPU: total 8 (initial active 8) (4 cores per cpu, 2 threads per core) family 6 model 142 stepping 12 microcode 0xb8, cx8, cmov, fxsr, ht, mmx, 3dnowpref, sse, sse2, sse3, ssse3, sse4.1, sse4.2, popcnt, lzcnt, tsc, tscinvbit, avx, avx2, aes, erms, clmul, bmi1, bmi2, adx, fma, vzeroupper, clflush, clflushopt, hv

Memory: 4k page, system-wide physical 16263M (3569M free)
TotalPageFile size 53684M (AvailPageFile size 0M)
current process WorkingSet (physical memory assigned to process): 88M, peak: 88M
current process commit charge ("private bytes"): 366M, peak: 366M

vm_info: Java HotSpot(TM) 64-Bit Server VM (17.0.9+11-LTS-201) for windows-amd64 JRE (17.0.9+11-LTS-201), built on Oct 10 2023 23:16:06 by "mach5one" with MS VC++ 17.1 (VS2022)

END.
