#
# There is insufficient memory for the Java Runtime Environment to continue.
# Native memory allocation (mmap) failed to map 268435456 bytes for G1 virtual space
# Possible reasons:
#   The system is out of physical RAM or swap space
#   The process is running with CompressedOops enabled, and the Java Heap may be blocking the growth of the native heap
# Possible solutions:
#   Reduce memory load on the system
#   Increase physical memory or swap space
#   Check if swap backing store is full
#   Decrease Java heap size (-Xmx/-Xms)
#   Decrease number of Java threads
#   Decrease Java thread stack sizes (-Xss)
#   Set larger code cache with -XX:ReservedCodeCacheSize=
#   JVM is running with Zero Based Compressed Oops mode in which the Java heap is
#     placed in the first 32GB address space. The Java Heap base address is the
#     maximum limit for the native heap growth. Please use -XX:HeapBaseMinAddress
#     to set the Java Heap base and to place the Java Heap above 32GB virtual address.
# This output file may be truncated or incomplete.
#
#  Out of Memory Error (os_windows.cpp:3552), pid=35860, tid=40340
#
# JRE version:  (17.0.9+11) (build )
# Java VM: Java HotSpot(TM) 64-Bit Server VM (17.0.9+11-LTS-201, mixed mode, sharing, tiered, compressed oops, compressed class ptrs, g1 gc, windows-amd64)
# No core dump will be written. Minidumps are not enabled by default on client versions of Windows
#

---------------  S U M M A R Y ------------

Command Line: -Dfile.encoding=UTF-8 -Dstdout.encoding=UTF-8 -Dstderr.encoding=UTF-8 -XX:+ShowCodeDetailsInExceptionMessages ballarddesigns.Ballarddesigns

Host: Intel(R) Core(TM) i7-8565U CPU @ 1.80GHz, 8 cores, 15G,  Windows 10 , 64 bit Build 19041 (10.0.19041.3570)
Time: Wed Oct 25 11:55:18 2023 Jordan Standard Time elapsed time: 0.020163 seconds (0d 0h 0m 0s)

---------------  T H R E A D  ---------------

Current thread (0x0000017f1228cc60):  JavaThread "Unknown thread" [_thread_in_vm, id=40340, stack(0x000000129e000000,0x000000129e100000)]

Stack: [0x000000129e000000,0x000000129e100000]
Native frames: (J=compiled Java code, j=interpreted, Vv=VM code, C=native code)
V  [jvm.dll+0x678a4a]
V  [jvm.dll+0x7d9cfd]
V  [jvm.dll+0x7db60e]
V  [jvm.dll+0x7dbc73]
V  [jvm.dll+0x245e1f]
V  [jvm.dll+0x6758f9]
V  [jvm.dll+0x66a2a2]
V  [jvm.dll+0x303686]
V  [jvm.dll+0x30ac06]
V  [jvm.dll+0x35a48e]
V  [jvm.dll+0x35a6bf]
V  [jvm.dll+0x2da678]
V  [jvm.dll+0x2db5e4]
V  [jvm.dll+0x7ab6b1]
V  [jvm.dll+0x368041]
V  [jvm.dll+0x78a749]
V  [jvm.dll+0x3ebd4f]
V  [jvm.dll+0x3ed7d1]
C  [jli.dll+0x5297]
C  [ucrtbase.dll+0x21bb2]
C  [KERNEL32.DLL+0x17344]
C  [ntdll.dll+0x526b1]


---------------  P R O C E S S  ---------------

Threads class SMR info:
_java_thread_list=0x00007ffe41ab89d8, length=0, elements={
}

Java Threads: ( => current thread )

Other Threads:
  0x0000017f122f8b00 GCTaskThread "GC Thread#0" [stack: 0x000000129e100000,0x000000129e200000] [id=39672]
  0x0000017f12348010 ConcurrentGCThread "G1 Main Marker" [stack: 0x000000129e200000,0x000000129e300000] [id=31820]
  0x0000017f12349a30 ConcurrentGCThread "G1 Conc#0" [stack: 0x000000129e300000,0x000000129e400000] [id=152]

[error occurred during error reporting (printing all threads), id 0xc0000005, EXCEPTION_ACCESS_VIOLATION (0xc0000005) at pc=0x00007ffe412eb2d7]

VM state: not at safepoint (not fully initialized)

VM Mutex/Monitor currently owned by a thread:  ([mutex/lock_event])
[0x0000017f12288940] Heap_lock - owner thread: 0x0000017f1228cc60

Heap address: 0x0000000701e00000, size: 4066 MB, Compressed Oops mode: Zero based, Oop shift amount: 3

CDS archive(s) mapped at: [0x0000000000000000-0x0000000000000000-0x0000000000000000), size 0, SharedBaseAddress: 0x0000000800000000, ArchiveRelocationMode: 1.
Narrow klass base: 0x0000000000000000, Narrow klass shift: 0, Narrow klass range: 0x0

GC Precious Log:
<Empty>

Heap:
 garbage-first heap   total 0K, used 0K [0x0000000701e00000, 0x0000000800000000)
  region size 2048K, 0 young (0K), 0 survivors (0K)

[error occurred during error reporting (printing heap information), id 0xc0000005, EXCEPTION_ACCESS_VIOLATION (0xc0000005) at pc=0x00007ffe416d2229]

GC Heap History (0 events):
No events

Deoptimization events (0 events):
No events

Classes unloaded (0 events):
No events

Classes redefined (0 events):
No events

Internal exceptions (0 events):
No events

VM Operations (0 events):
No events

Events (1 events):
Event: 0.012 Loaded shared library C:\Program Files\Java\jdk-17\bin\java.dll


Dynamic libraries:
0x00007ff777ea0000 - 0x00007ff777eb0000 	C:\Program Files\Java\jdk-17\bin\javaw.exe
0x00007ffecc0f0000 - 0x00007ffecc2e7000 	C:\Windows\SYSTEM32\ntdll.dll
0x00007ffea7f40000 - 0x00007ffea7f59000 	C:\Program Files\Avast Software\Avast\aswhook.dll
0x00007ffeca300000 - 0x00007ffeca3bd000 	C:\Windows\System32\KERNEL32.DLL
0x00007ffec9da0000 - 0x00007ffeca096000 	C:\Windows\System32\KERNELBASE.dll
0x00007ffec9960000 - 0x00007ffec9a60000 	C:\Windows\System32\ucrtbase.dll
0x00007ffeac310000 - 0x00007ffeac32b000 	C:\Program Files\Java\jdk-17\bin\VCRUNTIME140.dll
0x00007ffeb0ef0000 - 0x00007ffeb0f09000 	C:\Program Files\Java\jdk-17\bin\jli.dll
0x00007ffecbde0000 - 0x00007ffecbe8e000 	C:\Windows\System32\ADVAPI32.dll
0x00007ffeca5c0000 - 0x00007ffeca65e000 	C:\Windows\System32\msvcrt.dll
0x00007ffeca890000 - 0x00007ffeca92c000 	C:\Windows\System32\sechost.dll
0x00007ffecb1b0000 - 0x00007ffecb2d6000 	C:\Windows\System32\RPCRT4.dll
0x00007ffecbf10000 - 0x00007ffecc0ae000 	C:\Windows\System32\USER32.dll
0x00007ffec97d0000 - 0x00007ffec97f2000 	C:\Windows\System32\win32u.dll
0x00007ffeb25c0000 - 0x00007ffeb285a000 	C:\Windows\WinSxS\amd64_microsoft.windows.common-controls_6595b64144ccf1df_6.0.19041.3570_none_60bb2a3971f3e41a\COMCTL32.dll
0x00007ffeca1d0000 - 0x00007ffeca1fc000 	C:\Windows\System32\GDI32.dll
0x00007ffec9c80000 - 0x00007ffec9d9a000 	C:\Windows\System32\gdi32full.dll
0x00007ffec98c0000 - 0x00007ffec995d000 	C:\Windows\System32\msvcp_win.dll
0x00007ffeb9fd0000 - 0x00007ffeb9fda000 	C:\Windows\SYSTEM32\VERSION.dll
0x00007ffeca200000 - 0x00007ffeca230000 	C:\Windows\System32\IMM32.DLL
0x00007ffec4c50000 - 0x00007ffec4c5c000 	C:\Program Files\Java\jdk-17\bin\vcruntime140_1.dll
0x00007ffe98140000 - 0x00007ffe981ce000 	C:\Program Files\Java\jdk-17\bin\msvcp140.dll
0x00007ffe41000000 - 0x00007ffe41be1000 	C:\Program Files\Java\jdk-17\bin\server\jvm.dll
0x00007ffeca7f0000 - 0x00007ffeca7f8000 	C:\Windows\System32\PSAPI.DLL
0x00007ffeb2b10000 - 0x00007ffeb2b37000 	C:\Windows\SYSTEM32\WINMM.dll
0x00007ffeb55d0000 - 0x00007ffeb55d9000 	C:\Windows\SYSTEM32\WSOCK32.dll
0x00007ffecb2e0000 - 0x00007ffecb34b000 	C:\Windows\System32\WS2_32.dll
0x00007ffec7fc0000 - 0x00007ffec7fd2000 	C:\Windows\SYSTEM32\kernel.appcore.dll
0x00007ffec5170000 - 0x00007ffec517a000 	C:\Program Files\Java\jdk-17\bin\jimage.dll
0x00007ffec7380000 - 0x00007ffec7564000 	C:\Windows\SYSTEM32\DBGHELP.DLL
0x00007ffeb8d60000 - 0x00007ffeb8d94000 	C:\Windows\SYSTEM32\dbgcore.DLL
0x00007ffec9830000 - 0x00007ffec98b2000 	C:\Windows\System32\bcryptPrimitives.dll
0x00007ffec2150000 - 0x00007ffec2175000 	C:\Program Files\Java\jdk-17\bin\java.dll

dbghelp: loaded successfully - version: 4.0.5 - missing functions: none
symbol engine: initialized successfully - sym options: 0x614 - pdb path: .;C:\Program Files\Java\jdk-17\bin;C:\Windows\SYSTEM32;C:\Program Files\Avast Software\Avast;C:\Windows\WinSxS\amd64_microsoft.windows.common-controls_6595b64144ccf1df_6.0.19041.3570_none_60bb2a3971f3e41a;C:\Program Files\Java\jdk-17\bin\server

VM Arguments:
jvm_args: -Dfile.encoding=UTF-8 -Dstdout.encoding=UTF-8 -Dstderr.encoding=UTF-8 -XX:+ShowCodeDetailsInExceptionMessages 
java_command: ballarddesigns.Ballarddesigns
java_class_path (initial): C:\Users\lenovo\eclipse-workspace\ballarddesigns\bin;C:\Users\lenovo\Downloads\selenium-java-4.14.1\selenium-api-4.14.1.jar;C:\Users\lenovo\Downloads\selenium-java-4.14.1\selenium-api-4.14.1-sources.jar;C:\Users\lenovo\Downloads\selenium-java-4.14.1\selenium-chrome-driver-4.14.1.jar;C:\Users\lenovo\Downloads\selenium-java-4.14.1\selenium-chrome-driver-4.14.1-sources.jar;C:\Users\lenovo\Downloads\selenium-java-4.14.1\selenium-chromium-driver-4.14.1.jar;C:\Users\lenovo\Downloads\selenium-java-4.14.1\selenium-chromium-driver-4.14.1-sources.jar;C:\Users\lenovo\Downloads\selenium-java-4.14.1\selenium-devtools-v85-4.14.1.jar;C:\Users\lenovo\Downloads\selenium-java-4.14.1\selenium-devtools-v85-4.14.1-sources.jar;C:\Users\lenovo\Downloads\selenium-java-4.14.1\selenium-devtools-v116-4.14.1.jar;C:\Users\lenovo\Downloads\selenium-java-4.14.1\selenium-devtools-v116-4.14.1-sources.jar;C:\Users\lenovo\Downloads\selenium-java-4.14.1\selenium-devtools-v117-4.14.1.jar;C:\Users\lenovo\Downloads\selenium-java-4.14.1\selenium-devtools-v117-4.14.1-sources.jar;C:\Users\lenovo\Downloads\selenium-java-4.14.1\selenium-devtools-v118-4.14.1.jar;C:\Users\lenovo\Downloads\selenium-java-4.14.1\selenium-devtools-v118-4.14.1-sources.jar;C:\Users\lenovo\Downloads\selenium-java-4.14.1\selenium-edge-driver-4.14.1.jar;C:\Users\lenovo\Downloads\selenium-java-4.14.1\selenium-edge-driver-4.14.1-sources.jar;C:\Users\lenovo\Downloads\selenium-java-4.14.1\selenium-firefox-driver-4.14.1.jar;C:\Users\lenovo\Downloads\selenium-java-4.14.1\selenium-firefox-driver-4.14.1-sources.jar;C:\Users\lenovo\Downloads\selenium-java-4.14.1\selenium-http-4.14.1.jar;C:\Users\lenovo\Downloads\selenium-java-4.14.1\selenium-http-4.14.1-sources.jar;C:\Users\lenovo\Downloads\selenium-java-4.14.1\selenium-ie-driver-4.14.1.jar;C:\Users\lenovo\Downloads\selenium-java-4.14.1\selenium-ie-driver-4.14.1-sources.jar;C:\Users\lenovo\Downloads\selenium-java-4.14.1\selenium-java-4.14.1.jar;C:\Users\lenovo\Downlo
Launcher Type: SUN_STANDARD

[Global flags]
     intx CICompilerCount                          = 4                                         {product} {ergonomic}
     uint ConcGCThreads                            = 2                                         {product} {ergonomic}
     uint G1ConcRefinementThreads                  = 8                                         {product} {ergonomic}
   size_t G1HeapRegionSize                         = 2097152                                   {product} {ergonomic}
    uintx GCDrainStackTargetSize                   = 64                                        {product} {ergonomic}
   size_t InitialHeapSize                          = 268435456                                 {product} {ergonomic}
   size_t MarkStackSize                            = 4194304                                   {product} {ergonomic}
   size_t MaxHeapSize                              = 4263510016                                {product} {ergonomic}
   size_t MinHeapDeltaBytes                        = 2097152                                   {product} {ergonomic}
   size_t MinHeapSize                              = 8388608                                   {product} {ergonomic}
    uintx NonNMethodCodeHeapSize                   = 5839372                                {pd product} {ergonomic}
    uintx NonProfiledCodeHeapSize                  = 122909434                              {pd product} {ergonomic}
    uintx ProfiledCodeHeapSize                     = 122909434                              {pd product} {ergonomic}
    uintx ReservedCodeCacheSize                    = 251658240                              {pd product} {ergonomic}
     bool SegmentedCodeCache                       = true                                      {product} {ergonomic}
     bool ShowCodeDetailsInExceptionMessages       = true                                   {manageable} {command line}
   size_t SoftMaxHeapSize                          = 4263510016                             {manageable} {ergonomic}
     bool UseCompressedClassPointers               = true                           {product lp64_product} {ergonomic}
     bool UseCompressedOops                        = true                           {product lp64_product} {ergonomic}
     bool UseG1GC                                  = true                                      {product} {ergonomic}
     bool UseLargePagesIndividualAllocation        = false                                  {pd product} {ergonomic}

Logging:
Log output configuration:
 #0: stdout all=warning uptime,level,tags
 #1: stderr all=off uptime,level,tags

Environment Variables:
PATH=C:/Program Files/Java/jdk-17/bin/server;C:/Program Files/Java/jdk-17/bin;C:\Program Files\Common Files\Oracle\Java\javapath;C:\Windows\system32;C:\Windows;C:\Windows\System32\Wbem;C:\Windows\System32\WindowsPowerShell\v1.0\;C:\Windows\System32\OpenSSH\;C:\Users\lenovo\.dnx\bin;C:\Program Files\Microsoft DNX\Dnvm\;C:\Program Files\Microsoft SQL Server\120\Tools\Binn\;C:\Program Files\Microsoft SQL Server\130\Tools\Binn\;C:\Program Files\dotnet\;C:\Program Files\nodejs\;C:\Users\lenovo\AppData\Roaming\Microsoft\Windows\Start Menu\Programs\Python 3.10;C:\Program Files\Git\cmd;C:\ProgramData\ComposerSetup\bin;C:\Program Files\MongoDB\Server\5.0\bin;C:\Program Files\MATLAB\R2023a\bin;C:\Program Files (x86)\Gpg4win\..\GnuPG\bin;C:\Program Files\Java\jdk-17\bin;C:\Program Files\MySQL\MySQL Shell 8.0\bin\;C:\Users\lenovo\AppData\Local\Microsoft\WindowsApps;C:\Users\lenovo\.dotnet\tools;C:\Users\lenovo\AppData\Roaming\npm;C:\Users\lenovo\AppData\Local\Programs\Microsoft VS Code\bin;C:\Users\lenovo\AppData\Local\GitHubDesktop\bin;C:\xampp\php;C:\Users\lenovo\AppData\Roaming\Composer\vendor\bin;C:\spark\spark-3.3.0-bin-hadoop2\bin;C:\hadoop\bin;;C:\Program Files\JetBrains\IntelliJ IDEA Community Edition 2022.2.2\bin;;C:\Users\lenovo\AppData\Local\Programs\Fiddler;C:\Windows\system32;
USERNAME=lenovo
OS=Windows_NT
PROCESSOR_IDENTIFIER=Intel64 Family 6 Model 142 Stepping 12, GenuineIntel



---------------  S Y S T E M  ---------------

OS:
 Windows 10 , 64 bit Build 19041 (10.0.19041.3570)
OS uptime: 2 days 1:46 hours
Hyper-V role detected

CPU: total 8 (initial active 8) (4 cores per cpu, 2 threads per core) family 6 model 142 stepping 12 microcode 0xb8, cx8, cmov, fxsr, ht, mmx, 3dnowpref, sse, sse2, sse3, ssse3, sse4.1, sse4.2, popcnt, lzcnt, tsc, tscinvbit, avx, avx2, aes, erms, clmul, bmi1, bmi2, adx, fma, vzeroupper, clflush, clflushopt, hv

Memory: 4k page, system-wide physical 16263M (3614M free)
TotalPageFile size 53684M (AvailPageFile size 194M)
current process WorkingSet (physical memory assigned to process): 10M, peak: 10M
current process commit charge ("private bytes"): 60M, peak: 316M

vm_info: Java HotSpot(TM) 64-Bit Server VM (17.0.9+11-LTS-201) for windows-amd64 JRE (17.0.9+11-LTS-201), built on Oct 10 2023 23:16:06 by "mach5one" with MS VC++ 17.1 (VS2022)

END.
